root
root
guest
hikvision
support
root
root
root
daemon
root
guest
root
admin
root
root
root
root
cisco
root
root
telnetadmin
admin
root
root
default
bin
root
default
root
root
default
telecomadmin
root
root
root
root
root
root
default
root
root
root
default
root
root
admin
root
admin
e8ehome
admin
root
root
root
default
root
admin
root
root
default
root
root
root
admin
root
root
root
root
root
admin
root
guest
root
default
root
root
e8ehomeasb
root
admin
root
admin
vstarcam2015
support
root
root
root
admin
root
root
root
hikvision
root
telecomadmin
daemon
default
nobody
root
