888888

888888
enable
system
shell
sh
/bin/busybox qvv5sjlv
ascend
enable
system
shell
sh
/bin/busybox qvv5sjlv
sync
enable
system
shell
sh
/bin/busybox qvv5sjlv
support

support
enable
system
shell
sh
/bin/busybox qvv5sjlv
root

tl789
enable
system
shell
sh
/bin/busybox qvv5sjlv
admin
enable
system
shell
sh
/bin/busybox qvv5sjlv
db2inst1

db2inst1
enable
system
shell
sh
/bin/busybox qvv5sjlv
root

openvpnas
enable
system
shell
sh
/bin/busybox qvv5sjlv
root

centreon
enable
system
shell
sh
/bin/busybox qvv5sjlv
secret
enable
system
shell
sh
/bin/busybox qvv5sjlv
666666

666666
enable
system
shell
sh
/bin/busybox qvv5sjlv
root

ascend
enable
system
shell
sh
/bin/busybox qvv5sjlv
qmik
enable
system
shell
sh
/bin/busybox qvv5sjlv
root

123456
enable
system
shell
sh
/bin/busybox qvv5sjlv
admin

diamond
enable
system
shell
sh
/bin/busybox qvv5sjlv
operator
enable
system
shell
sh
/bin/busybox qvv5sjlv
root

54321
enable
system
shell
sh
/bin/busybox qvv5sjlv
stoogr
enable
system
shell
sh
/bin/busybox qvv5sjlv
netics
enable
system
shell
sh
/bin/busybox qvv5sjlv
root
enable
system
shell
sh
/bin/busybox qvv5sjlv
root

888888
enable
system
shell
sh
/bin/busybox qvv5sjlv
sysadm

anicust
enable
system
shell
sh
/bin/busybox qvv5sjlv
root

ikwb
enable
system
shell
sh
/bin/busybox qvv5sjlv
root

password
enable
system
shell
sh
/bin/busybox qvv5sjlv
oracle

oracle
enable
system
shell
sh
/bin/busybox qvv5sjlv
intrastack

asante
enable
system
shell
sh
/bin/busybox qvv5sjlv
glftpd

glftpd
enable
system
shell
sh
/bin/busybox qvv5sjlv
root

qwerty
enable
system
shell
sh
/bin/busybox qvv5sjlv
outofbox
enable
system
shell
sh
/bin/busybox qvv5sjlv
root

pass
enable
system
shell
sh
/bin/busybox qvv5sjlv
1234
enable
system
shell
sh
/bin/busybox qvv5sjlv
admin

1234
enable
system
shell
sh
/bin/busybox qvv5sjlv
admin

abc123
enable
system
shell
sh
/bin/busybox qvv5sjlv
root

666666
enable
system
shell
sh
/bin/busybox qvv5sjlv
root

permit
enable
system
shell
sh
/bin/busybox qvv5sjlv
admin

comcomcom
enable
system
shell
sh
/bin/busybox qvv5sjlv
root

d13hh[
enable
system
shell
sh
/bin/busybox qvv5sjlv
admin

1111
enable
system
shell
sh
/bin/busybox qvv5sjlv
draytek

1234
enable
system
shell
sh
/bin/busybox qvv5sjlv
root

arkeia
enable
system
shell
sh
/bin/busybox qvv5sjlv
ubnt

ubnt
enable
system
shell
sh
/bin/busybox qvv5sjlv
db2inst1

ibmdb2
enable
system
shell
sh
/bin/busybox qvv5sjlv
root

artica
enable
system
shell
sh
/bin/busybox qvv5sjlv
admin1

password
enable
system
shell
sh
/bin/busybox qvv5sjlv
root

blender
enable
system
shell
sh
/bin/busybox qvv5sjlv
root

anko
enable
system
shell
sh
/bin/busybox qvv5sjlv
root

d13hh[
enable
system
shell
sh
/bin/busybox qvv5sjlv
adminttd

adminttd
enable
system
shell
sh
/bin/busybox qvv5sjlv
user

forgot
enable
system
shell
sh
/bin/busybox qvv5sjlv
admin

p@55w0rd!
enable
system
shell
sh
/bin/busybox qvv5sjlv
jack
enable
system
shell
sh
/bin/busybox qvv5sjlv
root

xmhdipc
enable
system
shell
sh
/bin/busybox qvv5sjlv
root

openelec
enable
system
shell
sh
/bin/busybox qvv5sjlv
lp
enable
system
shell
sh
/bin/busybox qvv5sjlv
root

7ujmko0vizxv
enable
system
shell
sh
/bin/busybox qvv5sjlv
root

12345
enable
system
shell
sh
/bin/busybox qvv5sjlv
administrator

admin
enable
system
shell
sh
/bin/busybox qvv5sjlv
public

public
enable
system
shell
sh
/bin/busybox qvv5sjlv
password
enable
system
shell
sh
/bin/busybox qvv5sjlv
cellit

cellit
enable
system
shell
sh
/bin/busybox qvv5sjlv
hpsupport

badg3r5s
enable
system
shell
sh
/bin/busybox qvv5sjlv
guest
