[2024-05-13 09:39:41.892] manager
[2024-05-13 09:39:42.094] 

enable
system
[2024-05-13 09:39:42.339] shell
[2024-05-13 09:39:42.827] sh
[2024-05-13 09:39:43.329] /bin/busybox cakgruhq
[2024-05-13 09:41:13.702] admin
[2024-05-13 09:41:13.866] 
centuryl1nk
enable
[2024-05-13 09:41:14.030] system
[2024-05-13 09:41:14.229] shell
[2024-05-13 09:41:14.393] sh
[2024-05-13 09:41:14.562] /bin/busybox cakgruhq
[2024-05-13 09:41:31.784] db2fenc1
[2024-05-13 09:41:31.967] 
ibmdb2
enable
[2024-05-13 09:41:32.150] system
[2024-05-13 09:41:32.367] shell
[2024-05-13 09:41:32.550] sh
[2024-05-13 09:41:32.752] /bin/busybox cakgruhq
[2024-05-13 09:45:52.810] informix
[2024-05-13 09:45:52.994] 
informix
enable
system
[2024-05-13 09:45:53.216] shell
[2024-05-13 09:45:53.616] sh
[2024-05-13 09:45:54.017] /bin/busybox cakgruhq
[2024-05-13 09:46:10.716] alphanetworks
[2024-05-13 09:46:10.887] 
wrgg15_di524
enable
[2024-05-13 09:46:11.057] system
[2024-05-13 09:46:11.227] shell
[2024-05-13 09:46:11.397] sh
[2024-05-13 09:46:11.568] /bin/busybox cakgruhq
[2024-05-13 09:46:46.835] tech
[2024-05-13 09:46:47.023] 

enable
system
[2024-05-13 09:46:47.226] shell
[2024-05-13 09:46:47.636] sh
[2024-05-13 09:46:48.046] /bin/busybox cakgruhq
[2024-05-13 09:48:16.769] apc
[2024-05-13 09:48:16.952] 
apc
enable
[2024-05-13 09:48:17.136] system
[2024-05-13 09:48:17.352] shell
[2024-05-13 09:48:17.536] sh
[2024-05-13 09:48:17.736] /bin/busybox cakgruhq
[2024-05-13 09:48:34.889] root
[2024-05-13 09:48:35.072] 
changemenow
enable
system
[2024-05-13 09:48:35.259] shell
[2024-05-13 09:48:35.670] sh
[2024-05-13 09:48:36.086] /bin/busybox cakgruhq
[2024-05-13 09:48:52.815] root
[2024-05-13 09:48:53.001] 
antslq
enable
[2024-05-13 09:48:53.188] system
[2024-05-13 09:48:53.409] shell
[2024-05-13 09:48:53.596] sh
[2024-05-13 09:48:53.784] /bin/busybox cakgruhq
[2024-05-13 09:51:34.736] root
[2024-05-13 09:51:34.906] 
tl789
enable
system
[2024-05-13 09:51:35.117] shell
[2024-05-13 09:51:35.506] sh
[2024-05-13 09:51:35.906] /bin/busybox cakgruhq
[2024-05-13 09:53:22.764] 666666
[2024-05-13 09:53:22.944] 
666666
enable
[2024-05-13 09:53:23.123] system
[2024-05-13 09:53:23.333] shell
[2024-05-13 09:53:23.513] sh
[2024-05-13 09:53:23.705] /bin/busybox cakgruhq
[2024-05-13 09:53:40.772] root
[2024-05-13 09:53:40.952] 
ascend
enable
[2024-05-13 09:53:41.131] system
[2024-05-13 09:53:41.310] shell
[2024-05-13 09:53:41.489] sh
[2024-05-13 09:53:41.668] /bin/busybox cakgruhq
[2024-05-13 09:54:16.742] root
[2024-05-13 09:54:16.919] 
123456
enable
[2024-05-13 09:54:17.095] system
[2024-05-13 09:54:17.305] shell
[2024-05-13 09:54:17.482] sh
[2024-05-13 09:54:17.662] /bin/busybox cakgruhq
[2024-05-13 09:54:52.824] operator
[2024-05-13 09:54:53.010] 

enable
[2024-05-13 09:54:53.197] system
[2024-05-13 09:54:53.417] shell
[2024-05-13 09:54:53.603] sh
[2024-05-13 09:54:53.791] /bin/busybox cakgruhq
[2024-05-13 09:55:28.702] stoogr
[2024-05-13 09:55:28.869] 

enable
system
[2024-05-13 09:55:29.076] shell
[2024-05-13 09:55:29.446] sh
[2024-05-13 09:55:29.827] /bin/busybox cakgruhq
[2024-05-13 09:55:46.929] netics
enable
[2024-05-13 09:55:47.102] system
shell
[2024-05-13 09:55:47.311] sh
[2024-05-13 09:55:47.484] /bin/busybox cakgruhq
[2024-05-13 09:56:22.652] root
[2024-05-13 09:56:22.810] 
888888
enable
[2024-05-13 09:56:22.969] system
[2024-05-13 09:56:23.158] shell
[2024-05-13 09:56:23.316] sh
[2024-05-13 09:56:23.482] /bin/busybox cakgruhq
