root
e8ehomeasb
guest
admin
vstarcam2015
root
root
bin
root
root
telnet
default
telnetadmin
root
superadmin
root
root
root
root
support
root
root
root
hikvision
admin
admin
admin
root
root
root
root
telecomadmin
telecom
root
adm
root
root
root
admin
admin
root
root
root
root
root
admin
root
admin
root
root
root
root
root
root
root
admin
root
root
root
admin
root
admin
root
root
root
root
root
root
root
root
root
admin
admin
root
root
admin
root
root
admin
root
root
admin
bin
root
daemon
root
telnetadmin
root
