admin

v2mprt
enable
linuxshell
system
shell
sh
/bin/busybox pedo
default

s2fgqnfs
enable
linuxshell
system
shell
sh
/bin/busybox pedo
root

059ankj
enable
linuxshell
system
shell
sh
/bin/busybox pedo
root

059ankj
enable
linuxshell
system
shell
sh
/bin/busybox pedo
root

par0t
enable
linuxshell
system
shell
sh
/bin/busybox pedo
root

2011vsta
enable
linuxshell
system
shell
sh
/bin/busybox pedo
admin

pointofsale
enable
linuxshell
system
shell
sh
/bin/busybox pedo
root

pass
enable
linuxshell
system
shell
sh
/bin/busybox pedo
root

root
enable
linuxshell
system
shell
sh
/bin/busybox pedo
root

t0talc0ntr0l4!
enable
linuxshell
system
shell
sh
/bin/busybox pedo
root

jvbzd
enable
linuxshell
system
shell
sh
/bin/busybox pedo
admin

pointofsale
enable
linuxshell
system
shell
sh
/bin/busybox pedo
default

oxhlwsg8
enable
linuxshell
system
shell
sh
/bin/busybox pedo
root

hunt5759
enable
linuxshell
system
shell
sh
/bin/busybox pedo
guest

1234
enable
linuxshell
system
shell
sh
/bin/busybox pedo
admin

epicrouter
enable
linuxshell
system
shell
sh
/bin/busybox pedo
user

user
enable
linuxshell
system
shell
sh
/bin/busybox pedo
netopia

netopia
enable
linuxshell
system
shell
sh
/bin/busybox pedo
telnet

telnet
enable
linuxshell
system
shell
sh
/bin/busybox pedo
root

j1/_6s*w
enable
linuxshell
system
shell
sh
/bin/busybox pedo
root

e10adc39
enable
linuxshell
system
shell
sh
/bin/busybox pedo
user

user
enable
linuxshell
system
shell
sh
/bin/busybox pedo
root

iwkb
enable
linuxshell
system
shell
sh
/bin/busybox pedo
root

d13hh[
enable
linuxshell
system
shell
sh
/bin/busybox pedo
root

00000000
enable
linuxshell
system
shell
sh
/bin/busybox pedo
woody

woody1107
enable
linuxshell
system
shell
sh
/bin/busybox pedo
woody

woody1107
enable

linuxshell
system
shell
sh
/bin/busybox pedo
admin

admin
enable
linuxshell
system
shell
sh
/bin/busybox pedo
support

support
enable
linuxshell
system
shell
sh
/bin/busybox pedo
telecomadmin

admintelecom
enable
linuxshell
system
shell
sh
/bin/busybox pedo
