root

1234567890
enable
system
shell
sh
/bin/busybox rxa6ljma
pi

raspberry
enable
system
shell
sh
/bin/busybox rxa6ljma
admin

admin
enable
system
shell
sh
/bin/busybox rxa6ljma
service

service
enable
system
shell
sh
/bin/busybox rxa6ljma
root
rootme
enable
system
shell
sh
/bin/busybox rxa6ljma
superuser

123456
enable
system
shell
sh
/bin/busybox rxa6ljma
root

user
enable
system
shell
sh
/bin/busybox rxa6ljma
root

rain
enable
system
shell
sh
/bin/busybox rxa6ljma
date
enable
system
shell
sh
/bin/busybox rxa6ljma
manager
enable
system
shell
sh
/bin/busybox rxa6ljma
admin

password
enable
system
shell
sh
/bin/busybox rxa6ljma
cisco

cisco
enable
system
shell
sh
/bin/busybox rxa6ljma
root

123qwe
enable
system
shell
sh
/bin/busybox rxa6ljma
r00t
enable
system
shell
sh
/bin/busybox rxa6ljma
admin

centuryl1nk
enable
system
shell
sh
/bin/busybox rxa6ljma
4dgifts
enable
system
shell
sh
/bin/busybox rxa6ljma
root

m
enable
system
shell
sh
/bin/busybox rxa6ljma
root

video
enable
system
shell
sh
/bin/busybox rxa6ljma
administrator

1234
enable
system
shell
sh
/bin/busybox rxa6ljma
admin
enable
system
shell
sh
/bin/busybox rxa6ljma
root

admin
enable
system
shell
sh
/bin/busybox rxa6ljma
root

zlxx.
enable
system
shell
sh
/bin/busybox rxa6ljma
nsroot

nsroot
enable
system
shell
sh
/bin/busybox rxa6ljma
root

admin
enable
system
shell
sh
/bin/busybox rxa6ljma
admin

infoblox
enable
system
shell
sh
/bin/busybox rxa6ljma
root

vizxv
enable
system
shell
sh
/bin/busybox rxa6ljma
superuser
enable
system
shell
sh
/bin/busybox rxa6ljma
alphanetworks

wrgg15_di524
enable
system
shell
sh
/bin/busybox rxa6ljma
admin

4321
enable
system
shell
sh
/bin/busybox rxa6ljma
tech
enable
system
shell
sh
/bin/busybox rxa6ljma
root

123
enable
system
shell
sh
/bin/busybox rxa6ljma
admin

switch
enable
system
shell
sh
/bin/busybox rxa6ljma
mpi
enable
system
shell
sh
/bin/busybox rxa6ljma
diag

danger
enable
system
shell
sh
/bin/busybox rxa6ljma
root

权限
enable
system
shell
sh
/bin/busybox rxa6ljma
root

nagiosxi
enable
system
shell
sh
/bin/busybox rxa6ljma
888888

888888
enable
system
shell
sh
/bin/busybox rxa6ljma
ascend
enable
system
shell
sh
/bin/busybox rxa6ljma
sync
enable
system
shell
sh
/bin/busybox rxa6ljma
support

support
enable
system
shell
sh
/bin/busybox rxa6ljma
admin
enable
system
shell
sh
/bin/busybox rxa6ljma
db2inst1

db2inst1
enable
system
shell
sh
/bin/busybox rxa6ljma
root

centreon
enable
system
shell
sh
/bin/busybox rxa6ljma
secret
enable
system
shell
sh
/bin/busybox rxa6ljma
666666

666666
enable
system
shell
sh
/bin/busybox rxa6ljma
root

ascend
enable
system
shell
sh
/bin/busybox rxa6ljma
qmik
enable
system
shell
sh
/bin/busybox rxa6ljma
root

123456
enable
system
shell
sh
/bin/busybox rxa6ljma
root

54321
enable
system
shell
sh
/bin/busybox rxa6ljma
stoogr
enable
system
shell
sh
/bin/busybox rxa6ljma
root

888888
enable
system
shell
sh
/bin/busybox rxa6ljma
sysadm

anicust
enable
system
shell
sh
/bin/busybox rxa6ljma
root

ikwb
enable
system
shell
sh
/bin/busybox rxa6ljma
oracle

oracle
enable
system
shell
sh
/bin/busybox rxa6ljma
glftpd

glftpd
enable
system
shell
sh
/bin/busybox rxa6ljma
root

qwerty
enable
system
shell
sh
/bin/busybox rxa6ljma
outofbox
enable
system
shell
sh
/bin/busybox rxa6ljma
root

pass
enable
system
shell
sh
/bin/busybox rxa6ljma
1234
enable
system
shell
sh
/bin/busybox rxa6ljma
admin

1234
enable
system
shell
sh
/bin/busybox rxa6ljma
admin

abc123
enable
system
shell
sh
/bin/busybox rxa6ljma
root

permit
enable
system
shell
sh
/bin/busybox rxa6ljma
