root

7ujmko0vizxv
enable
system
shell
sh
/bin/busybox eqdgjecx
root

12345
enable
system
shell
sh
/bin/busybox eqdgjecx
public

public
enable
system
shell
sh
/bin/busybox eqdgjecx
password
enable
system
shell
sh
/bin/busybox eqdgjecx
cellit

cellit
enable
system
shell
sh
/bin/busybox eqdgjecx
hpsupport

badg3r5s
enable
system
shell
sh
/bin/busybox eqdgjecx
guest

guest
enable
system
shell
sh
/bin/busybox eqdgjecx
root

dottie
enable
system
shell
sh
/bin/busybox eqdgjecx
atc123
enable
system
shell
sh
/bin/busybox eqdgjecx
root

fivranne
enable
system
shell
sh
/bin/busybox eqdgjecx
friday
enable
system
shell
sh
/bin/busybox eqdgjecx
default

video
enable
system
shell
sh
/bin/busybox eqdgjecx
adtran
enable
system
shell
sh
/bin/busybox eqdgjecx
ezsetup
enable
system
shell
sh
/bin/busybox eqdgjecx
admin

changeme
enable
system
shell
sh
/bin/busybox eqdgjecx
admin

12345
enable
system
shell
sh
/bin/busybox eqdgjecx
root

f00b@r
enable
system
shell
sh
/bin/busybox eqdgjecx
debug

synnet
enable
system
shell
sh
/bin/busybox eqdgjecx
diag

switch
enable
system
shell
sh
/bin/busybox eqdgjecx
admin

123456
enable
system
shell
sh
/bin/busybox eqdgjecx
chronos

facepunch
enable
system
shell
sh
/bin/busybox eqdgjecx
password
enable
system
shell
sh
/bin/busybox eqdgjecx
administrator

changeme
enable
system
shell
sh
/bin/busybox eqdgjecx
nasadmin

nasadmin
enable
system
shell
sh
/bin/busybox eqdgjecx
root

anni2013
enable
system
shell
sh
/bin/busybox eqdgjecx
admin

netoptics
enable
system
shell
sh
/bin/busybox eqdgjecx
admin

54321
enable
system
shell
sh
/bin/busybox eqdgjecx
root

nasadmin
enable
system
shell
sh
/bin/busybox eqdgjecx
root

0p3nm35h
enable
system
shell
sh
/bin/busybox eqdgjecx
root

1111
enable
system
shell
sh
/bin/busybox eqdgjecx
enablediag

ironport
enable
system
shell
sh
/bin/busybox eqdgjecx
corecess

corecess
enable
system
shell
sh
/bin/busybox eqdgjecx
root

dreambox
enable
system
shell
sh
/bin/busybox eqdgjecx
db2as

db2as
enable
system
shell
sh
/bin/busybox eqdgjecx
ssa
ssa
enable
system
shell
sh
/bin/busybox eqdgjecx
root

testpass123
enable
system
shell
sh
/bin/busybox eqdgjecx
admin

ironport
enable
system
shell
sh
/bin/busybox eqdgjecx
admin

fliradmin
enable
system
shell
sh
/bin/busybox eqdgjecx
root

default
enable
system
shell
sh
/bin/busybox eqdgjecx
dbadmin

sq!us3r
enable
system
shell
sh
/bin/busybox eqdgjecx
root

klv123
enable
system
shell
sh
/bin/busybox eqdgjecx
help
enable
system
shell
sh
/bin/busybox eqdgjecx
root

gforge
enable
system
shell
sh
/bin/busybox eqdgjecx
mediator

mediator
enable
system
shell
sh
/bin/busybox eqdgjecx
root

ggdaseuaimhrke
enable
system
shell
sh
/bin/busybox eqdgjecx
mg3500

merlin
enable
system
shell
sh
/bin/busybox eqdgjecx
root

realtek
enable
system
shell
sh
/bin/busybox eqdgjecx
root

jvbzd
enable
system
shell
sh
/bin/busybox eqdgjecx
root

system
enable
system
shell
sh
/bin/busybox eqdgjecx
supervisor

supervisor
enable
system
shell
sh
/bin/busybox eqdgjecx
ftp

video
enable
system
shell
sh
/bin/busybox eqdgjecx
monitor

monitor
enable
system
shell
sh
/bin/busybox eqdgjecx
root

qwertyuiop
enable
system
shell
sh
/bin/busybox eqdgjecx
root

123456789
enable
system
shell
sh
/bin/busybox eqdgjecx
manage

!manage
enable
system
shell
sh
/bin/busybox eqdgjecx
root

ikwd
enable
system
shell
sh
/bin/busybox eqdgjecx
installer

installer
enable
system
shell
sh
/bin/busybox eqdgjecx
root

alpine
enable
system
shell
sh
/bin/busybox eqdgjecx
root

root
enable
system
shell
sh
/bin/busybox eqdgjecx
root

juantech
enable
system
shell
sh
/bin/busybox eqdgjecx
super

forgot
enable
system
shell
sh
/bin/busybox eqdgjecx
user
enable
system
shell
sh
/bin/busybox eqdgjecx
patrol

patrol
enable
system
shell
sh
/bin/busybox eqdgjecx
admin

2222
enable
system
shell
sh
/bin/busybox eqdgjecx
root

arcsight
enable
system
shell
sh
/bin/busybox eqdgjecx
netman
enable
system
shell
sh
/bin/busybox eqdgjecx
md110

help
enable
system
shell
sh
/bin/busybox eqdgjecx
backdoor
enable
system
shell
sh
/bin/busybox eqdgjecx
root

7ujmko0admin
enable
system
shell
sh
/bin/busybox eqdgjecx
wproot

cat1029
enable
system
shell
sh
/bin/busybox eqdgjecx
administrator

ggdaseuaimhrke
enable
system
shell
sh
/bin/busybox eqdgjecx
root

idirect
enable
system
shell
sh
/bin/busybox eqdgjecx
root

hi3518
enable
system
shell
sh
/bin/busybox eqdgjecx
tutor
enable
system
shell
sh
/bin/busybox eqdgjecx
admin

administrator
enable
system
shell
sh
/bin/busybox eqdgjecx
admin

1111111
enable
system
shell
sh
/bin/busybox eqdgjecx
admin

9999
enable
system
shell
sh
/bin/busybox eqdgjecx
rewt

satori
enable
system
shell
sh
/bin/busybox eqdgjecx
cliuser

cliuser
enable
system
shell
sh
/bin/busybox eqdgjecx
root

raspi
enable
system
shell
sh
/bin/busybox eqdgjecx
private
enable
system
shell
sh
/bin/busybox eqdgjecx
3ascotel
enable
system
shell
sh
/bin/busybox eqdgjecx
demos
enable
system
shell
sh
/bin/busybox eqdgjecx
intraswitch

asante
enable
system
shell
sh
/bin/busybox eqdgjecx
root

klv1234
enable
system
shell
sh
/bin/busybox eqdgjecx
netscreen

<<< %s(un='%s') = %u
enable
system
shell
sh
/bin/busybox eqdgjecx
root

wh00t!
enable
system
shell
sh
/bin/busybox eqdgjecx
cmc

password
enable
system
shell
sh
/bin/busybox eqdgjecx
mobile

alpine
enable
system
shell
sh
/bin/busybox eqdgjecx
backdoor
enable
system
shell
sh
/bin/busybox eqdgjecx
manager

manager
enable
system
shell
sh
/bin/busybox eqdgjecx
root

dasdec1
enable
system
shell
sh
/bin/busybox eqdgjecx
admin

123456
enable
system
shell
sh
/bin/busybox eqdgjecx
