[2024-05-13 09:39:23.829] manager
[2024-05-13 09:39:24.013] 
friend
enable
system
[2024-05-13 09:39:24.231] shell
[2024-05-13 09:39:24.645] sh
[2024-05-13 09:39:25.045] /bin/busybox cakgruhq
[2024-05-13 09:40:00.846] admin
[2024-05-13 09:40:01.032] 
password
enable
system
[2024-05-13 09:40:01.254] shell
[2024-05-13 09:40:01.660] sh
[2024-05-13 09:40:02.070] /bin/busybox cakgruhq
[2024-05-13 09:40:18.815] cisco
[2024-05-13 09:40:19.001] 
cisco
enable
system
[2024-05-13 09:40:19.236] shell
[2024-05-13 09:40:19.656] sh
[2024-05-13 09:40:20.076] /bin/busybox cakgruhq
[2024-05-13 09:40:37.284] root
[2024-05-13 09:40:37.463] 
123qwe
enable
system
[2024-05-13 09:40:37.684] shell
[2024-05-13 09:40:38.074] sh
[2024-05-13 09:40:38.464] /bin/busybox cakgruhq
[2024-05-13 09:40:55.825] r00t
[2024-05-13 09:40:56.012] 

enable
system
[2024-05-13 09:40:56.234] shell
[2024-05-13 09:40:56.647] sh
[2024-05-13 09:40:57.060] /bin/busybox cakgruhq
[2024-05-13 09:41:49.782] 4dgifts
[2024-05-13 09:41:49.963] 

enable
system
[2024-05-13 09:41:50.201] shell
[2024-05-13 09:41:50.611] sh
[2024-05-13 09:41:51.014] /bin/busybox cakgruhq
[2024-05-13 09:42:16.817] root
[2024-05-13 09:42:16.998] 
m
enable
system
[2024-05-13 09:42:17.186] shell
[2024-05-13 09:42:17.606] sh
[2024-05-13 09:42:18.008] /bin/busybox cakgruhq
[2024-05-13 09:42:34.763] root
[2024-05-13 09:42:34.944] 
video
enable
[2024-05-13 09:42:35.126] system
[2024-05-13 09:42:35.307] shell
[2024-05-13 09:42:35.530] sh
[2024-05-13 09:42:35.711] /bin/busybox cakgruhq
[2024-05-13 09:42:52.734] administrator
[2024-05-13 09:42:52.912] 
1234
enable
[2024-05-13 09:42:53.089] system
[2024-05-13 09:42:53.298] shell
[2024-05-13 09:42:53.475] sh
[2024-05-13 09:42:53.675] /bin/busybox cakgruhq
[2024-05-13 09:43:11.007] admin
enable
system
[2024-05-13 09:43:11.190] shell
[2024-05-13 09:43:11.416] sh
[2024-05-13 09:43:11.600] /bin/busybox cakgruhq
[2024-05-13 09:43:28.834] root
[2024-05-13 09:43:29.019] 
admin
enable
system
[2024-05-13 09:43:29.213] shell
[2024-05-13 09:43:29.635] sh
[2024-05-13 09:43:30.039] /bin/busybox cakgruhq
[2024-05-13 09:43:46.781] root
[2024-05-13 09:43:46.965] 
zlxx.
enable
[2024-05-13 09:43:47.148] system
[2024-05-13 09:43:47.365] shell
[2024-05-13 09:43:47.549] sh
[2024-05-13 09:43:47.739] /bin/busybox cakgruhq
[2024-05-13 09:44:04.865] nsroot
[2024-05-13 09:44:05.059] 
nsroot
enable
system
[2024-05-13 09:44:05.287] shell
[2024-05-13 09:44:05.713] sh
[2024-05-13 09:44:06.153] /bin/busybox cakgruhq
[2024-05-13 09:44:22.755] root
[2024-05-13 09:44:22.935] 
admin
enable
[2024-05-13 09:44:23.115] system
[2024-05-13 09:44:23.295] shell
[2024-05-13 09:44:23.474] sh
[2024-05-13 09:44:23.658] /bin/busybox cakgruhq
[2024-05-13 09:44:40.814] admin
[2024-05-13 09:44:40.993] 
infoblox
enable
system
[2024-05-13 09:44:41.206] shell
[2024-05-13 09:44:41.595] sh
[2024-05-13 09:44:41.986] /bin/busybox cakgruhq
[2024-05-13 09:44:58.814] root
[2024-05-13 09:44:58.999] 
qwe123
enable
system
[2024-05-13 09:44:59.224] shell
[2024-05-13 09:44:59.629] sh
[2024-05-13 09:45:00.034] /bin/busybox cakgruhq
[2024-05-13 09:45:16.836] root
[2024-05-13 09:45:17.029] 
vizxv
enable
system
[2024-05-13 09:45:17.263] shell
[2024-05-13 09:45:17.693] sh
[2024-05-13 09:45:18.123] /bin/busybox cakgruhq
[2024-05-13 09:45:34.777] superuser
[2024-05-13 09:45:34.957] 

enable
[2024-05-13 09:45:35.138] system
[2024-05-13 09:45:35.356] shell
[2024-05-13 09:45:35.537] sh
[2024-05-13 09:45:35.726] /bin/busybox cakgruhq
[2024-05-13 09:46:28.752] admin
[2024-05-13 09:46:28.929] 
4321
enable
[2024-05-13 09:46:29.105] system
[2024-05-13 09:46:29.318] shell
[2024-05-13 09:46:29.495] sh
[2024-05-13 09:46:29.672] /bin/busybox cakgruhq
[2024-05-13 09:47:04.823] iclock
[2024-05-13 09:47:05.018] 
timely
enable
system
[2024-05-13 09:47:05.253] shell
[2024-05-13 09:47:05.683] sh
[2024-05-13 09:47:06.113] /bin/busybox cakgruhq
[2024-05-13 09:47:22.843] root
[2024-05-13 09:47:23.036] 
123
enable
system
[2024-05-13 09:47:23.266] shell
[2024-05-13 09:47:23.689] sh
[2024-05-13 09:47:24.133] /bin/busybox cakgruhq
[2024-05-13 09:47:40.832] admin
[2024-05-13 09:47:41.018] 
switch
enable
system
[2024-05-13 09:47:41.252] shell
[2024-05-13 09:47:41.658] sh
[2024-05-13 09:47:42.072] /bin/busybox cakgruhq
[2024-05-13 09:47:58.848] mpi
[2024-05-13 09:47:59.040] 

enable
system
[2024-05-13 09:47:59.273] shell
[2024-05-13 09:47:59.700] sh
[2024-05-13 09:48:00.119] /bin/busybox cakgruhq
[2024-05-13 09:49:10.822] diag
[2024-05-13 09:49:11.004] 
danger
enable
system
[2024-05-13 09:49:11.221] shell
[2024-05-13 09:49:11.629] sh
[2024-05-13 09:49:12.040] /bin/busybox cakgruhq
[2024-05-13 09:49:28.812] root
[2024-05-13 09:49:28.997] 
权限
enable
system
[2024-05-13 09:49:29.223] shell
[2024-05-13 09:49:29.633] sh
[2024-05-13 09:49:30.044] /bin/busybox cakgruhq
[2024-05-13 09:49:46.777] root
[2024-05-13 09:49:46.958] 
nagiosxi
enable
[2024-05-13 09:49:47.138] system
[2024-05-13 09:49:47.356] shell
[2024-05-13 09:49:47.537] sh
[2024-05-13 09:49:47.726] /bin/busybox cakgruhq
[2024-05-13 09:50:04.813] root
[2024-05-13 09:50:04.998] 
zte521
enable
system
[2024-05-13 09:50:05.218] shell
[2024-05-13 09:50:05.632] sh
[2024-05-13 09:50:06.042] /bin/busybox cakgruhq
[2024-05-13 09:50:22.823] 888888
[2024-05-13 09:50:23.006] 
888888
enable
system
[2024-05-13 09:50:23.222] shell
[2024-05-13 09:50:23.632] sh
[2024-05-13 09:50:24.035] /bin/busybox cakgruhq
[2024-05-13 09:50:41.024] ascend
enable
system
[2024-05-13 09:50:41.217] shell
[2024-05-13 09:50:41.453] sh
[2024-05-13 09:50:41.646] /bin/busybox cakgruhq
[2024-05-13 09:50:58.782] sync
[2024-05-13 09:50:58.965] 

enable
[2024-05-13 09:50:59.147] system
[2024-05-13 09:50:59.365] shell
[2024-05-13 09:50:59.548] sh
[2024-05-13 09:50:59.731] /bin/busybox cakgruhq
[2024-05-13 09:51:16.859] support
[2024-05-13 09:51:17.051] 
support
enable
system
[2024-05-13 09:51:17.299] shell
[2024-05-13 09:51:17.729] sh
[2024-05-13 09:51:18.169] /bin/busybox cakgruhq
[2024-05-13 09:51:52.873] admin
[2024-05-13 09:51:53.059] 

enable
system
[2024-05-13 09:51:53.269] shell
[2024-05-13 09:51:53.680] sh
[2024-05-13 09:51:54.084] /bin/busybox cakgruhq
[2024-05-13 09:52:10.830] db2inst1
[2024-05-13 09:52:11.017] 
db2inst1
enable
system
[2024-05-13 09:52:11.242] shell
[2024-05-13 09:52:11.650] sh
[2024-05-13 09:52:12.063] /bin/busybox cakgruhq
[2024-05-13 09:52:28.892] root
[2024-05-13 09:52:29.085] 
openvpnas
enable
system
[2024-05-13 09:52:29.278] shell
[2024-05-13 09:52:29.702] sh
[2024-05-13 09:52:30.128] /bin/busybox cakgruhq
[2024-05-13 09:52:46.825] root
[2024-05-13 09:52:47.012] 
centreon
enable
system
[2024-05-13 09:52:47.235] shell
[2024-05-13 09:52:47.655] sh
[2024-05-13 09:52:48.065] /bin/busybox cakgruhq
[2024-05-13 09:53:05.021] secret
enable
system
[2024-05-13 09:53:05.208] shell
[2024-05-13 09:53:05.431] sh
[2024-05-13 09:53:05.619] /bin/busybox cakgruhq
[2024-05-13 09:53:58.816] qmik
[2024-05-13 09:53:59.000] 

enable
system
[2024-05-13 09:53:59.238] shell
[2024-05-13 09:53:59.642] sh
[2024-05-13 09:54:00.043] /bin/busybox cakgruhq
[2024-05-13 09:54:34.862] admin
[2024-05-13 09:54:35.057] 
diamond
enable
system
[2024-05-13 09:54:35.292] shell
[2024-05-13 09:54:35.722] sh
[2024-05-13 09:54:36.152] /bin/busybox cakgruhq
[2024-05-13 09:55:10.804] root
[2024-05-13 09:55:10.989] 
54321
enable
system
[2024-05-13 09:55:11.210] shell
[2024-05-13 09:55:11.625] sh
[2024-05-13 09:55:12.035] /bin/busybox cakgruhq
[2024-05-13 09:56:04.821] root
[2024-05-13 09:56:05.008] 

enable
system
[2024-05-13 09:56:05.228] shell
[2024-05-13 09:56:05.641] sh
[2024-05-13 09:56:06.049] /bin/busybox cakgruhq
[2024-05-13 09:56:40.770] sysadm
[2024-05-13 09:56:40.952] 
anicust
enable
[2024-05-13 09:56:41.135] system
[2024-05-13 09:56:41.352] shell
[2024-05-13 09:56:41.535] sh
[2024-05-13 09:56:41.718] /bin/busybox cakgruhq
[2024-05-13 09:56:58.812] root
[2024-05-13 09:56:58.997] 
ikwb
enable
system
[2024-05-13 09:56:59.216] shell
[2024-05-13 09:56:59.630] sh
[2024-05-13 09:57:00.051] /bin/busybox cakgruhq
[2024-05-13 09:57:16.820] root
[2024-05-13 09:57:17.003] 
password
enable
system
[2024-05-13 09:57:17.229] shell
[2024-05-13 09:57:17.639] sh
[2024-05-13 09:57:18.050] /bin/busybox cakgruhq
[2024-05-13 09:57:34.831] oracle
[2024-05-13 09:57:35.019] 
oracle
enable
system
[2024-05-13 09:57:35.242] shell
[2024-05-13 09:57:35.652] sh
[2024-05-13 09:57:36.062] /bin/busybox cakgruhq
[2024-05-13 09:57:52.848] intrastack
[2024-05-13 09:57:53.037] 
asante
enable
system
[2024-05-13 09:57:53.232] shell
[2024-05-13 09:57:53.653] sh
[2024-05-13 09:57:54.072] /bin/busybox cakgruhq
