[2024-04-12 12:42:51.968] admin
[2024-04-12 12:42:55.183] root
[2024-04-12 12:42:58.436] root
[2024-04-12 12:43:01.664] root
[2024-04-12 12:43:04.881] root
[2024-04-12 12:43:08.124] admin
[2024-04-12 12:43:11.336] root
[2024-04-12 12:43:14.564] root
[2024-04-12 12:43:17.792] root
[2024-04-12 12:43:20.999] default
[2024-04-12 12:43:24.241] root
[2024-04-12 12:43:27.472] root
[2024-04-12 12:43:30.709] root
[2024-04-12 12:43:33.955] root
[2024-04-12 12:43:37.176] root
[2024-04-12 12:43:40.399] hikvision
[2024-04-12 12:43:43.664] root
[2024-04-12 12:43:46.896] root
[2024-04-12 12:43:50.115] supportadmin
[2024-04-12 12:43:53.360] default
[2024-04-12 12:43:56.600] default
[2024-04-12 12:43:59.820] root
[2024-04-12 12:44:03.032] root
[2024-04-12 12:44:06.265] root
[2024-04-12 12:44:09.483] root
[2024-04-12 12:44:12.724] root
[2024-04-12 12:44:15.993] root
[2024-04-12 12:44:19.204] root
[2024-04-12 12:44:22.440] user
[2024-04-12 12:44:25.680] root
[2024-04-12 12:44:28.896] root
[2024-04-12 12:44:32.121] root
[2024-04-12 12:44:35.373] root
[2024-04-12 12:44:38.616] root
[2024-04-12 12:44:41.820] root
[2024-04-12 12:44:45.076] root
[2024-04-12 12:44:48.305] telecomadmin
[2024-04-12 12:44:51.533] root
[2024-04-12 12:44:54.752] root
[2024-04-12 12:44:58.001] default
[2024-04-12 12:45:01.253] admin
[2024-04-12 12:45:04.493] default
[2024-04-12 12:45:07.745] support
[2024-04-12 12:45:10.957] root
[2024-04-12 12:45:14.188] bin
[2024-04-12 12:45:17.400] root
[2024-04-12 12:45:20.632] root
[2024-04-12 12:45:23.865] nobody
[2024-04-12 12:45:27.093] root
