admin

admin1234
enable
system
shell
sh
/bin/busybox botnet
root

888888
enable
system
shell
sh
/bin/busybox botnet
root

xc3511
enable
system
shell
sh
/bin/busybox botnet
admin

smcadmin
enable
system
shell
sh
/bin/busybox botnet
root

root
enable
system
shell
sh
/bin/busybox botnet
root

password
enable
system
shell
sh
/bin/busybox botnet
admin

admin1234
enable
system
shell
sh
/bin/busybox botnet
root

juantech
enable
system
shell
sh
/bin/busybox botnet
root

vizxv
enable
system
shell
sh
/bin/busybox botnet
admin

admin1234
enable
system
shell
sh
/bin/busybox botnet
