vstarcam2015

20150602
enable
linuxshell
system
shell
sh
/bin/busybox pedo
root

fidel123
enable
linuxshell
system
shell
sh
/bin/busybox pedo
root

neworange88888888
enable
linuxshell
system
shell
sh

/bin/busybox pedo
root

7ujmko0admin
enable
linuxshell
system
shell
sh
/bin/busybox pedo
root
klv1234
enable
linuxshell
system
shell
sh
/bin/busybox pedo
default

tljwpbo6
enable
linuxshell
system
shell
sh
/bin/busybox pedo
admin

hagpolm1
enable
linuxshell
system
shell
sh
/bin/busybox pedo
admin

v2mprt
enable
linuxshell
system
shell
sh
/bin/busybox pedo
root

neworang
enable
linuxshell
system
shell
sh
/bin/busybox pedo
default

tljwpbo6
enable
linuxshell
system
shell
sh
/bin/busybox pedo
admin

default
enable
linuxshell
system
shell
sh
/bin/busybox pedo
root

hikvision
enable
linuxshell
system
shell
sh
/bin/busybox pedo
default
tljwpbo6
enable
linuxshell
system
shell
sh
/bin/busybox pedo
support

support
enable
linuxshell
system
shell
sh
/bin/busybox pedo
root

fidel123
enable
linuxshell
system
shell
sh
/bin/busybox pedo
root
hikvision
enable
linuxshell
system
shell
sh
/bin/busybox pedo
admin

123456
enable
linuxshell
system
shell
sh
/bin/busybox pedo
root

7ujmko0admin
enable
linuxshell
system
shell
sh
/bin/busybox pedo
support

support
enable
linuxshell
system
shell
sh
/bin/busybox pedo
root
system
enable
linuxshell
system
shell
sh
/bin/busybox pedo
root

win1dows
enable
linuxshell
system
shell
sh
/bin/busybox pedo
admin

samsung
enable
linuxshell
system
shell
sh
/bin/busybox pedo
root

newsheen
enable
linuxshell
system
shell
sh
/bin/busybox pedo
root

klv1234
enable
linuxshell
system
