root

pass
enable
system
shell

sh
/bin/busybox botnet
root

zlxx.
enable
system
shell
sh
/bin/busybox botnet
root

pass
enable
system
shell
sh
/bin/busybox botnet
root

xc3511
enable
system
shell
sh
/bin/busybox botnet
root

xc3511
enable
system
shell
sh

/bin/busybox botnet
support

support
enable
system
shell
sh
/bin/busybox botnet
admin

1111
enable
system
shell
sh
/bin/busybox botnet
root

123456
enable
system
shell
sh
/bin/busybox botnet
root

anko
enable
system
shell
sh
/bin/busybox botnet
admin

admin1234
enable
system
shell
sh
/bin/busybox botnet
root

vizxv
enable
system
shell
sh
/bin/busybox botnet
root

123456
enable
system
shell
sh
/bin/busybox botnet
root

666666
enable
system
shell
sh
/bin/busybox botnet
support

support
enable
system
shell

sh
/bin/busybox botnet
root

666666
enable
system
shell
sh
/bin/busybox botnet
root

xc3511
enable
system
shell
sh

/bin/busybox botnet
guest

guest
enable
system
shell
sh
/bin/busybox botnet
admin

admin
enable
system
shell
sh
/bin/busybox botnet
root

666666
enable
system
shell

sh
/bin/busybox botnet
root

54321
enable
system
shell
sh
/bin/busybox botnet
root

vizxv
enable
system
shell
sh

/bin/busybox botnet
root

xmhdipc
enable
system
shell
sh

/bin/busybox botnet
root

klv123
enable
system
shell

sh
/bin/busybox botnet
admin


enable
system
shell

sh
/bin/busybox botnet
support

support
enable
system
shell
sh
/bin/busybox botnet
root

1111
enable
system
shell
sh
/bin/busybox botnet
root

admin
enable
system
shell
sh
/bin/busybox botnet
root

hi3518
enable
system
shell
sh
/bin/busybox botnet
root

12345
enable
system
shell
sh
/bin/busybox botnet
admin

admin
enable
system
shell
sh
/bin/busybox botnet
root

vizxv
enable
system
shell
sh
/bin/busybox botnet
root

vizxv
enable
system
shell
sh
/bin/busybox botnet
root

vizxv
enable
system
shell
sh
/bin/busybox botnet
root

admin
enable
system
shell
sh
/bin/busybox botnet
root

juantech
enable
system
shell
sh
/bin/busybox botnet
root

vizxv
enable
system
shell
sh
/bin/busybox botnet
root

xmhdipc
enable
system
shell
sh
/bin/busybox botnet
support

support
enable
system
shell
sh
/bin/busybox botnet
root

xc3511
enable
system
shell
sh
/bin/busybox botnet
root

default
enable
system
shell
sh
/bin/busybox botnet
root


enable
system
shell
sh

/bin/busybox botnet
root

1111
enable
system
shell
sh
/bin/busybox botnet
root

888888
enable
system
shell
sh
/bin/busybox botnet
root

root
enable
system
shell
sh
/bin/busybox botnet
root

1234
enable
system
shell
sh
/bin/busybox botnet
root

anko
enable
system
shell
sh
/bin/busybox botnet
root

vizxv
enable
system
shell
sh
/bin/busybox botnet
root

xmhdipc
enable
system
shell
sh
/bin/busybox botnet
admin


enable
system
shell
sh
/bin/busybox botnet
admin

7ujmko0admin
enable
system
shell
sh
/bin/busybox botnet
root

admin
enable
system
shell
sh
/bin/busybox botnet
root

pass
enable
system
shell
sh
/bin/busybox botnet
root

888888
enable
system
shell
sh
/bin/busybox botnet
root

anko
enable
system
shell

sh
/bin/busybox botnet
root

hi3518
enable
system
shell
sh
/bin/busybox botnet
root

123456
enable
system
shell
sh
/bin/busybox botnet
root

xmhdipc
enable
system
shell
sh

/bin/busybox botnet
root

123456
enable
system
shell
sh
/bin/busybox botnet
root

xmhdipc
enable
system
shell
sh

/bin/busybox botnet
root

54321
enable
system
shell
sh
/bin/busybox botnet
root

54321
enable
system
shell
sh
/bin/busybox botnet
user

user
enable
system
shell
sh
/bin/busybox botnet
root

password
enable
system
shell
sh
/bin/busybox botnet
root

888888
enable
system
shell
sh
/bin/busybox botnet
root

root
enable
system
shell
sh
/bin/busybox botnet
root

default
enable
system
shell
sh
/bin/busybox botnet
root

root
enable
system
shell
sh
/bin/busybox botnet
root

54321
enable
system
shell
sh
/bin/busybox botnet
root

888888
enable
system
shell
sh
/bin/busybox botnet
root

admin
enable
system
shell
sh
/bin/busybox botnet
root

vizxv
enable
system
shell
sh
/bin/busybox botnet
root

juantech
enable
system
shell
sh
/bin/busybox botnet
root

888888
enable
system
shell
sh
/bin/busybox botnet
admin


enable
system
shell
sh
/bin/busybox botnet
root

xc3511
enable
system
shell
sh
/bin/busybox botnet
admin

smcadmin
enable
system
shell
sh
/bin/busybox botnet
admin

admin1234
enable
system
shell
sh

/bin/busybox botnet
admin

7ujmko0admin
enable
system
shell
sh
/bin/busybox botnet
admin

password
enable
system
shell
sh
/bin/busybox botnet
root

888888
enable
system
shell
sh
/bin/busybox botnet
root

juantech
enable
system
shell
sh
/bin/busybox botnet
admin

4321
enable
system
shell
sh
/bin/busybox botnet
guest

12345
enable
system
shell
sh
/bin/busybox botnet
root

54321
enable
system
shell
sh
/bin/busybox botnet
support

support
enable
system
shell
sh
root

juantech
enable
system
/bin/busybox botnet
shell
sh
/bin/busybox botnet
root

anko
enable
system
shell
sh
/bin/busybox botnet
root

default
enable
system
shell
sh
/bin/busybox botnet
root

xmhdipc
enable
system
shell
sh
/bin/busybox botnet
root

xc3511
enable
system
shell
sh
/bin/busybox botnet
root

xc3511
enable
system
shell
sh
/bin/busybox botnet
root

xc3511
enable
system
shell
sh
admin

admin
enable
system
shell
sh
/bin/busybox botnet
/bin/busybox botnet
root

klv1234
enable
system
shell
sh
/bin/busybox botnet
root

zte521
enable
system
shell
sh

/bin/busybox botnet
admin

smcadmin
enable
system
shell
sh
/bin/busybox botnet
admin

admin1234
enable
system
shell
sh
/bin/busybox botnet
root

888888
enable
system
shell
sh
/bin/busybox botnet
root

default
enable
system
shell
sh

/bin/busybox botnet
root

root
enable
system
shell
sh
/bin/busybox botnet
root

admin
enable
system
shell
sh
/bin/busybox botnet
admin

1111
enable
system
shell
sh
/bin/busybox botnet
root

12345
enable
system
shell
sh
/bin/busybox botnet
root


enable
system
shell
sh
/bin/busybox botnet
root

hi3518
enable
system
shell
sh
/bin/busybox botnet
root

xmhdipc
enable
system
shell
sh

/bin/busybox botnet
root


enable
system
shell
sh
root

1111
enable
system
/bin/busybox botnet
shell
sh
/bin/busybox botnet
root

1234
enable
system
shell
sh
/bin/busybox botnet
root

xmhdipc
enable
system
shell
sh
/bin/busybox botnet
root

default
enable
system
shell
sh
/bin/busybox botnet
root

default
enable
system
shell
sh
/bin/busybox botnet
root

xc3511
enable
system
shell
sh
/bin/busybox botnet
root

123456
enable
system
shell
sh
/bin/busybox botnet
root

pass
enable
system
shell
sh
/bin/busybox botnet
ubnt

ubnt
enable
system
shell
sh
/bin/busybox botnet
root

anko
enable
system
shell
sh
/bin/busybox botnet
root

666666
enable
system
shell
sh
/bin/busybox botnet
root

default
enable
system
shell
sh
/bin/busybox botnet
admin

1111
enable
system
shell
sh

/bin/busybox botnet
root

admin
enable
system
shell
sh
/bin/busybox botnet
root

xc3511
enable
system
shell
sh
/bin/busybox botnet
root


enable
system
shell
sh
/bin/busybox botnet
root

54321
enable
system
shell
sh
/bin/busybox botnet
root

xc3511
enable
system
shell
sh
/bin/busybox botnet
admin

password
enable
system
shell
sh
/bin/busybox botnet
user

user
enable
system
shell
sh
/bin/busybox botnet
root

123456
enable
system
shell
sh
/bin/busybox botnet
root

zlxx.
enable
system
shell
sh
/bin/busybox botnet
root

default
enable
system
shell
sh
/bin/busybox botnet
root

xmhdipc
enable
system
shell
sh
/bin/busybox botnet
root

password
enable
system
shell
sh
/bin/busybox botnet
admin

smcadmin
enable
system
shell
sh
/bin/busybox botnet
root

xc3511
enable
system
shell
sh
/bin/busybox botnet
root

password
enable
system
shell
sh
/bin/busybox botnet
root

vizxv
enable
system
shell
sh
/bin/busybox botnet
admin

password
enable
system
shell
sh
/bin/busybox botnet
admin

1111
enable
system
shell
sh
/bin/busybox botnet
admin

admin
enable
system
shell
sh
/bin/busybox botnet
user

user
enable
system
shell
sh
/bin/busybox botnet
root

admin
enable
system
shell
sh
/bin/busybox botnet
support

support
enable
system
shell
sh
/bin/busybox botnet
root

admin
enable
system
shell
sh
/bin/busybox botnet
root

juantech
enable
system
shell
sh
/bin/busybox botnet
admin


enable
system
shell
sh
/bin/busybox botnet
user

user
enable
system
shell
sh
/bin/busybox botnet
admin

admin1234
enable
system
shell
sh
/bin/busybox botnet
admin


enable
system
shell
sh
/bin/busybox botnet
user

user
enable
system
shell
sh
/bin/busybox botnet
root

admin
enable
system
shell
sh
/bin/busybox botnet
admin

admin
enable
system
shell
sh
/bin/busybox botnet
root


enable
system
shell
sh
/bin/busybox botnet
admin

123456
enable
system
shell
sh
/bin/busybox botnet
root

123456
enable
system
shell
sh
/bin/busybox botnet
admin

admin1234
enable
system
shell
sh
/bin/busybox botnet
root

default
enable
system
shell
sh
/bin/busybox botnet
root

12345
enable
system
shell
sh
/bin/busybox botnet
root

hi3518
enable
system
shell
sh

/bin/busybox botnet
root

admin
enable
system
shell
sh
/bin/busybox botnet
root

pass
enable
system
shell
sh
/bin/busybox botnet
root

54321
enable
system
shell
sh
/bin/busybox botnet
