[2024-05-16 22:46:35.873] root
[2024-05-16 22:46:36.191] 123456
[2024-05-16 22:46:36.509] sh
[2024-05-16 22:46:36.828] shell
enable
system
linuxshell
ping ;sh
start
[2024-05-16 22:46:37.146] /bin/busybox ficora
[2024-05-16 22:46:37.190] default
[2024-05-16 22:46:37.512] s2fgqnfs
[2024-05-16 22:46:37.834] sh
[2024-05-16 22:46:38.155] shell
enable
system
linuxshell
ping ;sh
start
[2024-05-16 22:46:38.477] /bin/busybox ficora
[2024-05-16 22:46:40.217] telnet
[2024-05-16 22:46:40.539] telnet
[2024-05-16 22:46:40.861] sh
[2024-05-16 22:46:41.182] shell
enable
system
linuxshell
ping ;sh
start
[2024-05-16 22:46:41.504] /bin/busybox ficora
