root

solokey
guest

123456
root

xmhdipc
default

tluafed
root

admin
root

founder88
root

zhongxing
root

hslwificam
root

jvbzd
root

xirtam
bin

bin
root

/*6.=_ja
default

12345
guest

guest
root

juantech
root

ckdgus11
vstarcam2015

20150602
root

fireitup
root

tsgoingon
root

123456
nobody

nobody
root

system
user

user
admin

1234
telnetadmin

telnetadmin
root

zte521
root

xc12345
admin

admin1234
root

focushns
root

unisheen
default

oxhlwsg8
root

wabjtam
root

5up
root

ipc71a
root

zxic521
default

antslq
telecomadmin

admintelecom
