bin
root
vstarcam2015
root
root
root
user
root
default
default
support
root
daemon
root
root
root
root
guest
root
root
root
guest
default
root
root
admin
root
default
root
root
default
root
root
root
admin
ftp
default
telnetadmin
root
root
admin
admin
root

jvbzd
bin
root
admin
root
root
root
default
user
root
default
default
root
root
root
root
guest
e8telnet
root
nobody
root

tazz@01
root
root
admi
root
root
root
root
root
root
root
default
root
root
root
admin
root
root
root
guest
root
root
root
admin
user
root
default
root
root
admin
root
default
root
root
support
