root
admi
root
root
default
root
root
root
root
default
ftp
root
admin
guest
root
root
root
root
default
root
root
root
root
root
admin
root
admin
vstarcam2015
root
default
daemon
root
root
guest
telecomadmin
root
telnetadmin
root
vstarcam2015
root
default
root
root
root
root
admin
root
root
root
admin
root
default
root
root
root
root
e8telnet
root
root
default
bin
admin
admin
root
telnetadmin
admi
ftp
daemon
guest
root
root
root
root
default
guest
root
root
default
root
root
root
root
vstarcam2015
root
daemon
guest
root
root
root
e8telnet
guest
root
default
root
root
root
root
root
default
root
admin
root
root
admin
root
root
root
admi
admin
root
admin
