root

pass
enable
system
shell
sh
/bin/busybox botnet
admin

admin
enable
system
shell
sh
/bin/busybox botnet
admin

admin
enable
system
shell
sh
/bin/busybox botnet
root

666666
enable

system
shell
sh
/bin/busybox botnet
user

user
enable
system
shell
sh
/bin/busybox botnet
root

12345
enable
system
shell
sh
/bin/busybox botnet
root

xc3511
enable
system
shell
sh
/bin/busybox botnet
root

zlxx.
enable
system
shell
sh
/bin/busybox botnet
root

admin
enable
system
shell
sh
/bin/busybox botnet
root

54321
enable
system
shell
sh
/bin/busybox botnet
admin

4321
enable
system
shell
sh
/bin/busybox botnet
root

12345
enable
system
shell
sh
/bin/busybox botnet
admin

password
enable
system
shell
sh
/bin/busybox botnet
root

1111
enable
system
shell
sh
/bin/busybox botnet
root
enable
system
shell
sh
/bin/busybox botnet
root

888888
enable
system
shell
sh
/bin/busybox botnet
root
enable
system
shell
sh
/bin/busybox botnet
admin

admin
enable
system
shell
sh
/bin/busybox botnet
root

xc3511
enable
system
shell
sh
/bin/busybox botnet
root

54321
enable
system
shell
sh
/bin/busybox botnet
