root

666666
enable
system
shell
sh
/bin/busybox botnet
root

vizxv
enable
system
shell
sh
/bin/busybox botnet
root
enable
system
shell
sh
/bin/busybox botnet
admin

password
enable
system
shell
sh
/bin/busybox botnet
admin

admin
enable
system
shell
sh
/bin/busybox botnet
root
enable
system
shell
sh
/bin/busybox botnet
admin

admin
enable
system
shell
sh
/bin/busybox botnet
root

7ujmko0vizxv
enable
system
shell
sh
/bin/busybox botnet
admin

smcadmin
enable
system
shell
sh
/bin/busybox botnet
root

root
enable

system
shell
sh
/bin/busybox botnet
