[2024-05-13 09:47:43.233] root
[2024-05-13 09:47:44.187] 
ufwfbht5
enable
system
linuxshell
start
shell
sh
/bin/busybox bot
[2024-05-13 09:48:01.868] support
[2024-05-13 09:48:04.682] 
support
enable
system
linuxshell
start
shell
sh
/bin/busybox bot
[2024-05-13 09:48:05.116] root
[2024-05-13 09:48:05.862] 
hi3518
enable
system
linuxshell
start
shell
sh
/bin/busybox bot
[2024-05-13 09:48:30.685] admin
admin
enable
system
linuxshell
start
shell
sh
/bin/busybox bot
[2024-05-13 09:49:02.189] telecomadmin
[2024-05-13 09:49:11.449] 
admintelecom
enable
system
linuxshell
start
shell
sh
/bin/busybox bot
[2024-05-13 09:49:18.252] root
[2024-05-13 09:49:24.461] 
ufwfbht5
enable
system
linuxshell
start
shell
sh
/bin/busybox bot
[2024-05-13 09:49:52.105] root
7ujmko0vizxv
enable
system
linuxshell
start
shell
sh
/bin/busybox bot
[2024-05-13 09:50:02.729] root
[2024-05-13 09:50:05.626] 
tsgoingon
enable
system
linuxshell
start
shell
sh
/bin/busybox bot
[2024-05-13 09:52:35.863] admin
[2024-05-13 09:52:36.738] 
fliradmin
enable
system
linuxshell
start
shell
sh
/bin/busybox bot
