root
root
support
superadmin
root
root
none
guest
user
hikvision
admin
nobody
root
root
admin
root
root
default
supportadmin
default
default
root
root
administrator
root
root
root
root
support
superadmin
root
root
none
guest
user
hikvision
admin
nobody
root
root
admin
root
root
default
supportadmin
default
default
root
root
administrator
root
root
root
root
1234
ftp
default
default
root
root
root
admin_404a03tel
service
admin
!!huawei
root
root
root
admin
root
cuadmin
root
admin
root
root
admin
admin
root
admin
root
root
vstarcam2015
ftp
root
telecomadmin
root
nexxadmin
telnet
telnet
root
admin
admin
root
daemon
root
admin
admin
root
root
cmccadmin
root
baby
admin
support
root
admin
root
root
root
root
support
superadmin
root
root
root
root
support
superadmin
root
root
none
guest
user
hikvision
admin
nobody
root
root
admin
root
root
default
supportadmin
default
default
root
root
root
support
superadmin
root
root
none
guest
user
hikvision
admin
nobody
root
root
admin
root
root
default
supportadmin
default
default
root
root
administrator
root
root
root
root
1234
ftp
default
default
root
root
root
admin_404a03tel
service
admin
!!huawei
root
root
root
admin
root
cuadmin
root
admin
root
root
admin
admin
root
admin
root
root
vstarcam2015
ftp
root
telecomadmin
root
nexxadmin
telnet
telnet
root
admin
admin
root
daemon
root
admin
admin
root
root
cmccadmin
root
baby
admin
support
root
admin
root
root
root
root
support
superadmin
root
root
none
guest
user
hikvision
admin
nobody
root
root
admin
root
root
default
supportadmin
default
default
root
root
administrator
root
root
root
root
1234
ftp
default
default
root
root
root
admin_404a03tel
service
admin
!!huawei
root
root
root
admin
root
cuadmin
root
admin
root
root
admin
admin
root
admin
root
root
vstarcam2015
ftp
root
telecomadmin
root
nexxadmin
telnet
telnet
root
admin
admin
root
daemon
root
admin
admin
root
root
cmccadmin
root
baby
admin
support
root
admin
root
root
root
root
support
superadmin
root
root
none
guest
user
hikvision
admin
nobody
root
root
admin
root
root
default
supportadmin
default
default
root
root
administrator
root
root
root
root
1234
ftp
default
default
root
root
root
admin_404a03tel
service
admin
!!huawei
root
root
root
admin
root
cuadmin
root
admin
root
root
admin
admin
root
admin
root
root
vstarcam2015
ftp
root
telecomadmin
root
nexxadmin
telnet
telnet
root
admin
admin
root
daemon
root
admin
admin
root
root
cmccadmin
root
baby
admin
support
root
admin
root
root
root
root
root
root
support
superadmin
root
root
none
guest
user
hikvision
admin
nobody
root
root
admin
root
root
default
supportadmin
default
default
root
root
administrator
root
root
root
root
1234
ftp
default
default
root
root
root
admin_404a03tel
service
admin
!!huawei
root
root
root
admin
root
cuadmin
root
admin
root
root
admin
admin
root
admin
root
root
vstarcam2015
ftp
root
telecomadmin
root
nexxadmin
telnet
telnet
root
admin
admin
root
daemon
root
admin
admin
root
root
cmccadmin
root
baby
admin
support
root
admin
root
root
root
root
support
superadmin
root
root
none
guest
user
hikvision
admin
nobody
root
root
admin
root
root
default
supportadmin
default
default
root
root
administrator
root
root
root
root
1234
ftp
default
default
root
root
root
admin_404a03tel
service
admin
!!huawei
root
root
root
admin
root
cuadmin
root
admin
root
root
admin
admin
root
admin
root
root
vstarcam2015
ftp
root
telecomadmin
root
nexxadmin
telnet
telnet
root
admin
admin
root
daemon
root
admin
admin
root
root
cmccadmin
root
baby
admin
support
root
admin
root
root
