root
root
root
root
root
default
root
root
root
root
admin
root
root
root
daemon
admin
cisco
root
admin
root
default
root
user
support
vstarcam2015
root
root
root
admin
root
default
root
root
admin
root
root
root
root
root
default
guest
root
telecomadmin
guest
root
root
root
root
root
root
default
ftp
root
root
root
root
admin
root
vstarcam2015
user
e8ehomeasb
daemon
root
admin
root
root
root
root
default
root
root
root
root
root
bin
root
root
root
root
root
admin
telecomadmin
default
root
root
root
admin
support
admin
admin
root
admin
root
root
default
admin
