admin

smcadmin
enable
system
shell
sh
/bin/busybox botnet
root

vizxv
enable
system
shell
sh
/bin/busybox botnet
support

support
enable
system
shell
sh
/bin/busybox botnet
root

vizxv
enable
system
shell
sh
/bin/busybox botnet
root

1234
enable
system
shell
sh
/bin/busybox botnet
admin

smcadmin
enable
system
shell
sh
/bin/busybox botnet
root

password
enable
system
shell
sh
/bin/busybox botnet
root

anko
enable
system
shell
sh
/bin/busybox botnet
admin

7ujmko0admin
enable
system
shell
sh
/bin/busybox botnet
root

xc3511
enable
system
shell
sh
/bin/busybox botnet
