[2024-04-12 12:40:27.231] root
[2024-04-12 12:40:27.458] vizxv
[2024-04-12 12:40:27.684] sh
[2024-04-12 12:40:27.911] shell
enable
system
linuxshell
ping ;sh
[2024-04-12 12:40:28.137] /bin/busybox ficora
[2024-04-12 12:40:29.207] default
[2024-04-12 12:40:29.444] e8telnet
[2024-04-12 12:40:29.463] oxhlwsg8
[2024-04-12 12:40:29.693] e8telnet
[2024-04-12 12:40:29.729] sh
[2024-04-12 12:40:29.942] sh
[2024-04-12 12:40:30.006] shell
enable
system
linuxshell
ping ;sh
[2024-04-12 12:40:30.190] shell
enable
system
linuxshell
ping ;sh
[2024-04-12 12:40:30.280] /bin/busybox ficora
[2024-04-12 12:40:30.439] /bin/busybox ficora
[2024-04-12 12:40:30.772] root
[2024-04-12 12:40:31.046] vizxv
[2024-04-12 12:40:31.326] sh
[2024-04-12 12:40:31.624] shell
enable
system
linuxshell
ping ;sh
[2024-04-12 12:40:31.935] /bin/busybox ficora
[2024-04-12 12:40:34.772] root
[2024-04-12 12:40:34.793] default
[2024-04-12 12:40:34.873] telecomadmin
[2024-04-12 12:40:34.999] 1001chin
[2024-04-12 12:40:35.019] default
[2024-04-12 12:40:35.124] admintelecom
[2024-04-12 12:40:35.225] sh
[2024-04-12 12:40:35.246] sh
[2024-04-12 12:40:35.372] sh
[2024-04-12 12:40:35.452] shell
enable
system
linuxshell
ping ;sh
[2024-04-12 12:40:35.472] shell
enable
system
linuxshell
ping ;sh
[2024-04-12 12:40:35.621] shell
enable
system
linuxshell
ping ;sh
[2024-04-12 12:40:35.678] /bin/busybox ficora
[2024-04-12 12:40:35.698] /bin/busybox ficora
[2024-04-12 12:40:35.870] /bin/busybox ficora
[2024-04-12 12:40:49.736] default
[2024-04-12 12:40:50.028] oxhlwsg8
[2024-04-12 12:40:50.314] sh
[2024-04-12 12:40:50.608] shell
enable
system
linuxshell
ping ;sh
[2024-04-12 12:40:50.899] /bin/busybox ficora
[2024-04-12 12:40:55.318] default
[2024-04-12 12:40:55.834] sh
[2024-04-12 12:40:56.080] shell
enable
system
linuxshell
ping ;sh
[2024-04-12 12:40:56.370] /bin/busybox ficora
[2024-04-12 12:41:00.326] admin
[2024-04-12 12:41:00.553] admin
[2024-04-12 12:41:00.779] sh
[2024-04-12 12:41:01.006] shell
enable
system
linuxshell
ping ;sh
[2024-04-12 12:41:01.233] /bin/busybox ficora
[2024-04-12 12:41:15.167] telecomadmin
[2024-04-12 12:41:15.394] admintelecom
[2024-04-12 12:41:15.620] sh
[2024-04-12 12:41:15.847] shell
enable
system
linuxshell
ping ;sh
[2024-04-12 12:41:16.074] /bin/busybox ficora
