root

vizxv
enable
system
shell
sh
/bin/busybox botnet
user

user
enable
system
shell
sh
/bin/busybox botnet
user

user
enable
system
shell
sh
/bin/busybox botnet
root

vizxv
enable
system
shell
sh
/bin/busybox botnet
admin

admin1234
enable
system
shell
sh
/bin/busybox botnet
root

xc3511
enable
system
shell
sh
/bin/busybox botnet
root

vizxv
enable
system
shell
sh
/bin/busybox botnet
root

vizxv
enable

system
shell
sh

/bin/busybox botnet
root

password
enable
system
shell
sh
/bin/busybox botnet
admin

admin
enable
system
shell
sh
/bin/busybox botnet
