[2024-04-12 11:58:02.374] admin
[2024-04-12 11:58:06.216] admin
[2024-04-12 11:58:09.976] guest
[2024-04-12 11:58:13.747] telecomadmin
[2024-04-12 11:58:17.544] root
[2024-04-12 11:58:21.325] admin
[2024-04-12 11:58:25.199] default
[2024-04-12 11:58:28.977] root
[2024-04-12 11:58:32.861] root
[2024-04-12 11:58:36.646] e8ehomeasb
[2024-04-12 11:58:40.471] supportadmin
[2024-04-12 11:58:44.257] root
[2024-04-12 11:58:48.060] telnetadmin
[2024-04-12 11:58:51.910] admin
[2024-04-12 11:58:55.658] root
[2024-04-12 11:58:59.642] root
[2024-04-12 11:59:03.476] root
[2024-04-12 11:59:08.077] root
[2024-04-12 11:59:12.696] root
[2024-04-12 11:59:17.284] admin
[2024-04-12 11:59:21.932] support
[2024-04-12 11:59:26.575] default
[2024-04-12 11:59:31.161] root
[2024-04-12 11:59:35.793] e8ehome
[2024-04-12 11:59:40.363] admin
[2024-04-12 11:59:44.932] root
[2024-04-12 11:59:49.509] admin
[2024-04-12 11:59:54.140] root
[2024-04-12 11:59:58.773] root
[2024-04-12 12:00:03.375] default
[2024-04-12 12:00:07.274] admin
[2024-04-12 12:00:11.143] root
[2024-04-12 12:00:14.905] root
[2024-04-12 12:00:18.711] default
[2024-04-12 12:00:22.490] root
[2024-04-12 12:00:26.340] root
[2024-04-12 12:00:30.115] root
[2024-04-12 12:00:33.939] support
[2024-04-12 12:00:37.756] root
[2024-04-12 12:00:41.566] root
[2024-04-12 12:00:45.402] nobody
[2024-04-12 12:00:49.178] root
[2024-04-12 12:00:53.062] root
[2024-04-12 12:00:56.777] root
[2024-04-12 12:01:00.620] root
[2024-04-12 12:01:04.446] root
[2024-04-12 12:01:08.237] root
[2024-04-12 12:01:12.108] root
[2024-04-12 12:01:15.825] root
