default
root
admin
root
guest
root
guest
admin
root
root
root
root
root
root
root
default
root
root
user
root
admin
e8ehomeasb
default
root
root
default
admin
root
supportadmin
guest
root
admin
default
admin
root
root
root
telnetadmin
root
root
root
root
e8telnet
root
admin
root
root
root
root
default
root
root
support
root
admin
default
default
bin
root
admin
daemon
root
root
supportadmin
root
guest
root
root
e8telnet
default
guest
root
root
root
root
root
root
root
admin
root
root
admin
root
root
root
vstarcam2015
admin
root
root
default
root
root
root
root
ftp
admin
